<?xml version="1.0" encoding="UTF-8"?>
<testsuite name="jpabook.jpashop.JpashopApplicationTests" tests="1" skipped="0" failures="1" errors="0" timestamp="2024-03-01T10:43:35" hostname="TASK" time="0.002">
  <properties/>
  <testcase name="contextLoads()" classname="jpabook.jpashop.JpashopApplicationTests" time="0.002">
    <failure message="java.lang.IllegalStateException: Failed to load ApplicationContext for [WebMergedContextConfiguration@7a8e35d1 testClass = jpabook.jpashop.JpashopApplicationTests, locations = [], classes = [jpabook.jpashop.JpashopApplication], contextInitializerClasses = [], activeProfiles = [], propertySourceDescriptors = [], propertySourceProperties = [&quot;org.springframework.boot.test.context.SpringBootTestContextBootstrapper=true&quot;], contextCustomizers = [org.springframework.boot.test.autoconfigure.actuate.observability.ObservabilityContextCustomizerFactory$DisableObservabilityContextCustomizer@1f, org.springframework.boot.test.autoconfigure.properties.PropertyMappingContextCustomizer@0, org.springframework.boot.test.autoconfigure.web.servlet.WebDriverContextCustomizer@acdb094, org.springframework.boot.test.context.filter.ExcludeFilterContextCustomizer@7216fb24, org.springframework.boot.test.json.DuplicateJsonObjectContextCustomizerFactory$DuplicateJsonObjectContextCustomizer@45815ffc, org.springframework.boot.test.mock.mockito.MockitoContextCustomizer@0, org.springframework.boot.test.web.client.TestRestTemplateContextCustomizer@13518f37, org.springframework.boot.test.context.SpringBootTestAnnotation@c8e98e7b], resourceBasePath = &quot;src/main/webapp&quot;, contextLoader = org.springframework.boot.test.context.SpringBootContextLoader, parent = null]" type="java.lang.IllegalStateException">java.lang.IllegalStateException: Failed to load ApplicationContext for [WebMergedContextConfiguration@7a8e35d1 testClass = jpabook.jpashop.JpashopApplicationTests, locations = [], classes = [jpabook.jpashop.JpashopApplication], contextInitializerClasses = [], activeProfiles = [], propertySourceDescriptors = [], propertySourceProperties = [&quot;org.springframework.boot.test.context.SpringBootTestContextBootstrapper=true&quot;], contextCustomizers = [org.springframework.boot.test.autoconfigure.actuate.observability.ObservabilityContextCustomizerFactory$DisableObservabilityContextCustomizer@1f, org.springframework.boot.test.autoconfigure.properties.PropertyMappingContextCustomizer@0, org.springframework.boot.test.autoconfigure.web.servlet.WebDriverContextCustomizer@acdb094, org.springframework.boot.test.context.filter.ExcludeFilterContextCustomizer@7216fb24, org.springframework.boot.test.json.DuplicateJsonObjectContextCustomizerFactory$DuplicateJsonObjectContextCustomizer@45815ffc, org.springframework.boot.test.mock.mockito.MockitoContextCustomizer@0, org.springframework.boot.test.web.client.TestRestTemplateContextCustomizer@13518f37, org.springframework.boot.test.context.SpringBootTestAnnotation@c8e98e7b], resourceBasePath = &quot;src/main/webapp&quot;, contextLoader = org.springframework.boot.test.context.SpringBootContextLoader, parent = null]
	at org.springframework.test.context.cache.DefaultCacheAwareContextLoaderDelegate.loadContext(DefaultCacheAwareContextLoaderDelegate.java:180)
	at org.springframework.test.context.support.DefaultTestContext.getApplicationContext(DefaultTestContext.java:130)
	at org.springframework.test.context.web.ServletTestExecutionListener.setUpRequestContextIfNecessary(ServletTestExecutionListener.java:191)
	at org.springframework.test.context.web.ServletTestExecutionListener.prepareTestInstance(ServletTestExecutionListener.java:130)
	at org.springframework.test.context.TestContextManager.prepareTestInstance(TestContextManager.java:247)
	at org.springframework.test.context.junit.jupiter.SpringExtension.postProcessTestInstance(SpringExtension.java:163)
	at org.junit.jupiter.engine.descriptor.ClassBasedTestDescriptor.lambda$invokeTestInstancePostProcessors$10(ClassBasedTestDescriptor.java:378)
	at org.junit.jupiter.engine.descriptor.ClassBasedTestDescriptor.executeAndMaskThrowable(ClassBasedTestDescriptor.java:383)
	at org.junit.jupiter.engine.descriptor.ClassBasedTestDescriptor.lambda$invokeTestInstancePostProcessors$11(ClassBasedTestDescriptor.java:378)
	at java.base/java.util.stream.ReferencePipeline$3$1.accept(ReferencePipeline.java:197)
	at java.base/java.util.stream.ReferencePipeline$2$1.accept(ReferencePipeline.java:179)
	at java.base/java.util.ArrayList$ArrayListSpliterator.forEachRemaining(ArrayList.java:1625)
	at java.base/java.util.stream.AbstractPipeline.copyInto(AbstractPipeline.java:509)
	at java.base/java.util.stream.AbstractPipeline.wrapAndCopyInto(AbstractPipeline.java:499)
	at java.base/java.util.stream.StreamSpliterators$WrappingSpliterator.forEachRemaining(StreamSpliterators.java:310)
	at java.base/java.util.stream.Streams$ConcatSpliterator.forEachRemaining(Streams.java:735)
	at java.base/java.util.stream.Streams$ConcatSpliterator.forEachRemaining(Streams.java:734)
	at java.base/java.util.stream.ReferencePipeline$Head.forEach(ReferencePipeline.java:762)
	at org.junit.jupiter.engine.descriptor.ClassBasedTestDescriptor.invokeTestInstancePostProcessors(ClassBasedTestDescriptor.java:377)
	at org.junit.jupiter.engine.descriptor.ClassBasedTestDescriptor.lambda$instantiateAndPostProcessTestInstance$6(ClassBasedTestDescriptor.java:290)
	at org.junit.platform.engine.support.hierarchical.ThrowableCollector.execute(ThrowableCollector.java:73)
	at org.junit.jupiter.engine.descriptor.ClassBasedTestDescriptor.instantiateAndPostProcessTestInstance(ClassBasedTestDescriptor.java:289)
	at org.junit.jupiter.engine.descriptor.ClassBasedTestDescriptor.lambda$testInstancesProvider$4(ClassBasedTestDescriptor.java:279)
	at java.base/java.util.Optional.orElseGet(Optional.java:364)
	at org.junit.jupiter.engine.descriptor.ClassBasedTestDescriptor.lambda$testInstancesProvider$5(ClassBasedTestDescriptor.java:278)
	at org.junit.jupiter.engine.execution.TestInstancesProvider.getTestInstances(TestInstancesProvider.java:31)
	at org.junit.jupiter.engine.descriptor.TestMethodTestDescriptor.lambda$prepare$0(TestMethodTestDescriptor.java:106)
	at org.junit.platform.engine.support.hierarchical.ThrowableCollector.execute(ThrowableCollector.java:73)
	at org.junit.jupiter.engine.descriptor.TestMethodTestDescriptor.prepare(TestMethodTestDescriptor.java:105)
	at org.junit.jupiter.engine.descriptor.TestMethodTestDescriptor.prepare(TestMethodTestDescriptor.java:69)
	at org.junit.platform.engine.support.hierarchical.NodeTestTask.lambda$prepare$2(NodeTestTask.java:123)
	at org.junit.platform.engine.support.hierarchical.ThrowableCollector.execute(ThrowableCollector.java:73)
	at org.junit.platform.engine.support.hierarchical.NodeTestTask.prepare(NodeTestTask.java:123)
	at org.junit.platform.engine.support.hierarchical.NodeTestTask.execute(NodeTestTask.java:90)
	at java.base/java.util.ArrayList.forEach(ArrayList.java:1511)
	at org.junit.platform.engine.support.hierarchical.SameThreadHierarchicalTestExecutorService.invokeAll(SameThreadHierarchicalTestExecutorService.java:41)
	at org.junit.platform.engine.support.hierarchical.NodeTestTask.lambda$executeRecursively$6(NodeTestTask.java:155)
	at org.junit.platform.engine.support.hierarchical.ThrowableCollector.execute(ThrowableCollector.java:73)
	at org.junit.platform.engine.support.hierarchical.NodeTestTask.lambda$executeRecursively$8(NodeTestTask.java:141)
	at org.junit.platform.engine.support.hierarchical.Node.around(Node.java:137)
	at org.junit.platform.engine.support.hierarchical.NodeTestTask.lambda$executeRecursively$9(NodeTestTask.java:139)
	at org.junit.platform.engine.support.hierarchical.ThrowableCollector.execute(ThrowableCollector.java:73)
	at org.junit.platform.engine.support.hierarchical.NodeTestTask.executeRecursively(NodeTestTask.java:138)
	at org.junit.platform.engine.support.hierarchical.NodeTestTask.execute(NodeTestTask.java:95)
	at java.base/java.util.ArrayList.forEach(ArrayList.java:1511)
	at org.junit.platform.engine.support.hierarchical.SameThreadHierarchicalTestExecutorService.invokeAll(SameThreadHierarchicalTestExecutorService.java:41)
	at org.junit.platform.engine.support.hierarchical.NodeTestTask.lambda$executeRecursively$6(NodeTestTask.java:155)
	at org.junit.platform.engine.support.hierarchical.ThrowableCollector.execute(ThrowableCollector.java:73)
	at org.junit.platform.engine.support.hierarchical.NodeTestTask.lambda$executeRecursively$8(NodeTestTask.java:141)
	at org.junit.platform.engine.support.hierarchical.Node.around(Node.java:137)
	at org.junit.platform.engine.support.hierarchical.NodeTestTask.lambda$executeRecursively$9(NodeTestTask.java:139)
	at org.junit.platform.engine.support.hierarchical.ThrowableCollector.execute(ThrowableCollector.java:73)
	at org.junit.platform.engine.support.hierarchical.NodeTestTask.executeRecursively(NodeTestTask.java:138)
	at org.junit.platform.engine.support.hierarchical.NodeTestTask.execute(NodeTestTask.java:95)
	at org.junit.platform.engine.support.hierarchical.SameThreadHierarchicalTestExecutorService.submit(SameThreadHierarchicalTestExecutorService.java:35)
	at org.junit.platform.engine.support.hierarchical.HierarchicalTestExecutor.execute(HierarchicalTestExecutor.java:57)
	at org.junit.platform.engine.support.hierarchical.HierarchicalTestEngine.execute(HierarchicalTestEngine.java:54)
	at org.junit.platform.launcher.core.EngineExecutionOrchestrator.execute(EngineExecutionOrchestrator.java:107)
	at org.junit.platform.launcher.core.EngineExecutionOrchestrator.execute(EngineExecutionOrchestrator.java:88)
	at org.junit.platform.launcher.core.EngineExecutionOrchestrator.lambda$execute$0(EngineExecutionOrchestrator.java:54)
	at org.junit.platform.launcher.core.EngineExecutionOrchestrator.withInterceptedStreams(EngineExecutionOrchestrator.java:67)
	at org.junit.platform.launcher.core.EngineExecutionOrchestrator.execute(EngineExecutionOrchestrator.java:52)
	at org.junit.platform.launcher.core.DefaultLauncher.execute(DefaultLauncher.java:114)
	at org.junit.platform.launcher.core.DefaultLauncher.execute(DefaultLauncher.java:86)
	at org.junit.platform.launcher.core.DefaultLauncherSession$DelegatingLauncher.execute(DefaultLauncherSession.java:86)
	at org.gradle.api.internal.tasks.testing.junitplatform.JUnitPlatformTestClassProcessor$CollectAllTestClassesExecutor.processAllTestClasses(JUnitPlatformTestClassProcessor.java:119)
	at org.gradle.api.internal.tasks.testing.junitplatform.JUnitPlatformTestClassProcessor$CollectAllTestClassesExecutor.access$000(JUnitPlatformTestClassProcessor.java:94)
	at org.gradle.api.internal.tasks.testing.junitplatform.JUnitPlatformTestClassProcessor.stop(JUnitPlatformTestClassProcessor.java:89)
	at org.gradle.api.internal.tasks.testing.SuiteTestClassProcessor.stop(SuiteTestClassProcessor.java:62)
	at java.base/jdk.internal.reflect.NativeMethodAccessorImpl.invoke0(Native Method)
	at java.base/jdk.internal.reflect.NativeMethodAccessorImpl.invoke(NativeMethodAccessorImpl.java:77)
	at java.base/jdk.internal.reflect.DelegatingMethodAccessorImpl.invoke(DelegatingMethodAccessorImpl.java:43)
	at java.base/java.lang.reflect.Method.invoke(Method.java:568)
	at org.gradle.internal.dispatch.ReflectionDispatch.dispatch(ReflectionDispatch.java:36)
	at org.gradle.internal.dispatch.ReflectionDispatch.dispatch(ReflectionDispatch.java:24)
	at org.gradle.internal.dispatch.ContextClassLoaderDispatch.dispatch(ContextClassLoaderDispatch.java:33)
	at org.gradle.internal.dispatch.ProxyDispatchAdapter$DispatchingInvocationHandler.invoke(ProxyDispatchAdapter.java:94)
	at jdk.proxy1/jdk.proxy1.$Proxy2.stop(Unknown Source)
	at org.gradle.api.internal.tasks.testing.worker.TestWorker$3.run(TestWorker.java:193)
	at org.gradle.api.internal.tasks.testing.worker.TestWorker.executeAndMaintainThreadName(TestWorker.java:129)
	at org.gradle.api.internal.tasks.testing.worker.TestWorker.execute(TestWorker.java:100)
	at org.gradle.api.internal.tasks.testing.worker.TestWorker.execute(TestWorker.java:60)
	at org.gradle.process.internal.worker.child.ActionExecutionWorker.execute(ActionExecutionWorker.java:56)
	at org.gradle.process.internal.worker.child.SystemApplicationClassLoaderWorker.call(SystemApplicationClassLoaderWorker.java:113)
	at org.gradle.process.internal.worker.child.SystemApplicationClassLoaderWorker.call(SystemApplicationClassLoaderWorker.java:65)
	at worker.org.gradle.process.internal.worker.GradleWorkerMain.run(GradleWorkerMain.java:69)
	at worker.org.gradle.process.internal.worker.GradleWorkerMain.main(GradleWorkerMain.java:74)
Caused by: org.springframework.beans.factory.BeanCreationException: Error creating bean with name 'requestMappingHandlerMapping' defined in class path resource [org/springframework/boot/autoconfigure/web/servlet/WebMvcAutoConfiguration$EnableWebMvcConfiguration.class]: Ambiguous mapping. Cannot map 'orderApiController' method 
jpabook.jpashop.api.OrderApiController#ordersV2()
to {GET [/api/v2/orders]}: There is already 'orderApiController' bean method
jpabook.jpashop.api.OrderApiController#ordersV3() mapped.
	at app//org.springframework.beans.factory.support.AbstractAutowireCapableBeanFactory.initializeBean(AbstractAutowireCapableBeanFactory.java:1775)
	at app//org.springframework.beans.factory.support.AbstractAutowireCapableBeanFactory.doCreateBean(AbstractAutowireCapableBeanFactory.java:601)
	at app//org.springframework.beans.factory.support.AbstractAutowireCapableBeanFactory.createBean(AbstractAutowireCapableBeanFactory.java:523)
	at app//org.springframework.beans.factory.support.AbstractBeanFactory.lambda$doGetBean$0(AbstractBeanFactory.java:325)
	at app//org.springframework.beans.factory.support.DefaultSingletonBeanRegistry.getSingleton(DefaultSingletonBeanRegistry.java:234)
	at app//org.springframework.beans.factory.support.AbstractBeanFactory.doGetBean(AbstractBeanFactory.java:323)
	at app//org.springframework.beans.factory.support.AbstractBeanFactory.getBean(AbstractBeanFactory.java:199)
	at app//org.springframework.beans.factory.support.DefaultListableBeanFactory.preInstantiateSingletons(DefaultListableBeanFactory.java:973)
	at app//org.springframework.context.support.AbstractApplicationContext.finishBeanFactoryInitialization(AbstractApplicationContext.java:946)
	at app//org.springframework.context.support.AbstractApplicationContext.refresh(AbstractApplicationContext.java:616)
	at app//org.springframework.boot.SpringApplication.refresh(SpringApplication.java:753)
	at app//org.springframework.boot.SpringApplication.refreshContext(SpringApplication.java:455)
	at app//org.springframework.boot.SpringApplication.run(SpringApplication.java:323)
	at app//org.springframework.boot.test.context.SpringBootContextLoader.lambda$loadContext$3(SpringBootContextLoader.java:137)
	at app//org.springframework.util.function.ThrowingSupplier.get(ThrowingSupplier.java:58)
	at app//org.springframework.util.function.ThrowingSupplier.get(ThrowingSupplier.java:46)
	at app//org.springframework.boot.SpringApplication.withHook(SpringApplication.java:1442)
	at app//org.springframework.boot.test.context.SpringBootContextLoader$ContextLoaderHook.run(SpringBootContextLoader.java:552)
	at app//org.springframework.boot.test.context.SpringBootContextLoader.loadContext(SpringBootContextLoader.java:137)
	at app//org.springframework.boot.test.context.SpringBootContextLoader.loadContext(SpringBootContextLoader.java:108)
	at app//org.springframework.test.context.cache.DefaultCacheAwareContextLoaderDelegate.loadContextInternal(DefaultCacheAwareContextLoaderDelegate.java:225)
	at app//org.springframework.test.context.cache.DefaultCacheAwareContextLoaderDelegate.loadContext(DefaultCacheAwareContextLoaderDelegate.java:152)
	... 86 more
Caused by: java.lang.IllegalStateException: Ambiguous mapping. Cannot map 'orderApiController' method 
jpabook.jpashop.api.OrderApiController#ordersV2()
to {GET [/api/v2/orders]}: There is already 'orderApiController' bean method
jpabook.jpashop.api.OrderApiController#ordersV3() mapped.
	at org.springframework.web.servlet.handler.AbstractHandlerMethodMapping$MappingRegistry.validateMethodMapping(AbstractHandlerMethodMapping.java:667)
	at org.springframework.web.servlet.handler.AbstractHandlerMethodMapping$MappingRegistry.register(AbstractHandlerMethodMapping.java:633)
	at org.springframework.web.servlet.handler.AbstractHandlerMethodMapping.registerHandlerMethod(AbstractHandlerMethodMapping.java:331)
	at org.springframework.web.servlet.mvc.method.annotation.RequestMappingHandlerMapping.registerHandlerMethod(RequestMappingHandlerMapping.java:486)
	at org.springframework.web.servlet.mvc.method.annotation.RequestMappingHandlerMapping.registerHandlerMethod(RequestMappingHandlerMapping.java:79)
	at org.springframework.web.servlet.handler.AbstractHandlerMethodMapping.lambda$detectHandlerMethods$2(AbstractHandlerMethodMapping.java:298)
	at java.base/java.util.LinkedHashMap.forEach(LinkedHashMap.java:721)
	at org.springframework.web.servlet.handler.AbstractHandlerMethodMapping.detectHandlerMethods(AbstractHandlerMethodMapping.java:296)
	at org.springframework.web.servlet.handler.AbstractHandlerMethodMapping.processCandidateBean(AbstractHandlerMethodMapping.java:265)
	at org.springframework.web.servlet.handler.AbstractHandlerMethodMapping.initHandlerMethods(AbstractHandlerMethodMapping.java:224)
	at org.springframework.web.servlet.handler.AbstractHandlerMethodMapping.afterPropertiesSet(AbstractHandlerMethodMapping.java:212)
	at org.springframework.web.servlet.mvc.method.annotation.RequestMappingHandlerMapping.afterPropertiesSet(RequestMappingHandlerMapping.java:233)
	at org.springframework.beans.factory.support.AbstractAutowireCapableBeanFactory.invokeInitMethods(AbstractAutowireCapableBeanFactory.java:1822)
	at org.springframework.beans.factory.support.AbstractAutowireCapableBeanFactory.initializeBean(AbstractAutowireCapableBeanFactory.java:1771)
	... 107 more
</failure>
  </testcase>
  <system-out><![CDATA[19:43:33.348 [Test worker] INFO org.springframework.test.context.support.AnnotationConfigContextLoaderUtils -- Could not detect default configuration classes for test class [jpabook.jpashop.JpashopApplicationTests]: JpashopApplicationTests does not declare any static, non-private, non-final, nested classes annotated with @Configuration.
19:43:33.353 [Test worker] INFO org.springframework.boot.test.context.SpringBootTestContextBootstrapper -- Found @SpringBootConfiguration jpabook.jpashop.JpashopApplication for test class jpabook.jpashop.JpashopApplicationTests
19:43:33.397 [Test worker] INFO org.springframework.boot.devtools.restart.RestartApplicationListener -- Restart disabled due to context in which it is running

  .   ____          _            __ _ _
 /\\ / ___'_ __ _ _(_)_ __  __ _ \ \ \ \
( ( )\___ | '_ | '_| | '_ \/ _` | \ \ \ \
 \\/  ___)| |_)| | | | | || (_| |  ) ) ) )
  '  |____| .__|_| |_|_| |_\__, | / / / /
 =========|_|==============|___/=/_/_/_/
 :: Spring Boot ::                (v3.2.0)

2024-03-01T19:43:33.578+09:00  INFO 5364 --- [    Test worker] j.jpashop.JpashopApplicationTests        : Starting JpashopApplicationTests using Java 17.0.8 with PID 5364 (started by luna7 in D:\lec-spjpa\jpashop)
2024-03-01T19:43:33.579+09:00  INFO 5364 --- [    Test worker] j.jpashop.JpashopApplicationTests        : No active profile set, falling back to 1 default profile: "default"
2024-03-01T19:43:34.003+09:00  INFO 5364 --- [    Test worker] .s.d.r.c.RepositoryConfigurationDelegate : Bootstrapping Spring Data JPA repositories in DEFAULT mode.
2024-03-01T19:43:34.020+09:00  INFO 5364 --- [    Test worker] .s.d.r.c.RepositoryConfigurationDelegate : Finished Spring Data repository scanning in 10 ms. Found 0 JPA repository interfaces.
2024-03-01T19:43:34.350+09:00  INFO 5364 --- [    Test worker] com.zaxxer.hikari.HikariDataSource       : HikariPool-1 - Starting...
2024-03-01T19:43:34.481+09:00  INFO 5364 --- [    Test worker] com.zaxxer.hikari.pool.HikariPool        : HikariPool-1 - Added connection conn0: url=jdbc:h2:mem:460c0c4a-72e1-4f89-8ef2-3af003384844 user=SA
2024-03-01T19:43:34.483+09:00  INFO 5364 --- [    Test worker] com.zaxxer.hikari.HikariDataSource       : HikariPool-1 - Start completed.
2024-03-01T19:43:34.520+09:00  INFO 5364 --- [    Test worker] o.hibernate.jpa.internal.util.LogHelper  : HHH000204: Processing PersistenceUnitInfo [name: default]
2024-03-01T19:43:34.567+09:00  INFO 5364 --- [    Test worker] org.hibernate.Version                    : HHH000412: Hibernate ORM core version 6.3.1.Final
2024-03-01T19:43:34.596+09:00  INFO 5364 --- [    Test worker] o.h.c.internal.RegionFactoryInitiator    : HHH000026: Second-level cache disabled
2024-03-01T19:43:34.653+09:00 DEBUG 5364 --- [    Test worker] org.hibernate.type.BasicTypeRegistry     : Adding type registration boolean -> org.hibernate.type.BasicTypeReference@5db9f51f
2024-03-01T19:43:34.653+09:00 DEBUG 5364 --- [    Test worker] org.hibernate.type.BasicTypeRegistry     : Adding type registration boolean -> org.hibernate.type.BasicTypeReference@5db9f51f
2024-03-01T19:43:34.653+09:00 DEBUG 5364 --- [    Test worker] org.hibernate.type.BasicTypeRegistry     : Adding type registration java.lang.Boolean -> org.hibernate.type.BasicTypeReference@5db9f51f
2024-03-01T19:43:34.653+09:00 DEBUG 5364 --- [    Test worker] org.hibernate.type.BasicTypeRegistry     : Adding type registration numeric_boolean -> org.hibernate.type.BasicTypeReference@534762ed
2024-03-01T19:43:34.654+09:00 DEBUG 5364 --- [    Test worker] org.hibernate.type.BasicTypeRegistry     : Adding type registration org.hibernate.type.NumericBooleanConverter -> org.hibernate.type.BasicTypeReference@534762ed
2024-03-01T19:43:34.654+09:00 DEBUG 5364 --- [    Test worker] org.hibernate.type.BasicTypeRegistry     : Adding type registration true_false -> org.hibernate.type.BasicTypeReference@6c421123
2024-03-01T19:43:34.654+09:00 DEBUG 5364 --- [    Test worker] org.hibernate.type.BasicTypeRegistry     : Adding type registration org.hibernate.type.TrueFalseConverter -> org.hibernate.type.BasicTypeReference@6c421123
2024-03-01T19:43:34.654+09:00 DEBUG 5364 --- [    Test worker] org.hibernate.type.BasicTypeRegistry     : Adding type registration yes_no -> org.hibernate.type.BasicTypeReference@38e00b47
2024-03-01T19:43:34.654+09:00 DEBUG 5364 --- [    Test worker] org.hibernate.type.BasicTypeRegistry     : Adding type registration org.hibernate.type.YesNoConverter -> org.hibernate.type.BasicTypeReference@38e00b47
2024-03-01T19:43:34.654+09:00 DEBUG 5364 --- [    Test worker] org.hibernate.type.BasicTypeRegistry     : Adding type registration byte -> org.hibernate.type.BasicTypeReference@2a631049
2024-03-01T19:43:34.654+09:00 DEBUG 5364 --- [    Test worker] org.hibernate.type.BasicTypeRegistry     : Adding type registration byte -> org.hibernate.type.BasicTypeReference@2a631049
2024-03-01T19:43:34.654+09:00 DEBUG 5364 --- [    Test worker] org.hibernate.type.BasicTypeRegistry     : Adding type registration java.lang.Byte -> org.hibernate.type.BasicTypeReference@2a631049
2024-03-01T19:43:34.654+09:00 DEBUG 5364 --- [    Test worker] org.hibernate.type.BasicTypeRegistry     : Adding type registration binary -> org.hibernate.type.BasicTypeReference@425b5fe2
2024-03-01T19:43:34.654+09:00 DEBUG 5364 --- [    Test worker] org.hibernate.type.BasicTypeRegistry     : Adding type registration byte[] -> org.hibernate.type.BasicTypeReference@425b5fe2
2024-03-01T19:43:34.655+09:00 DEBUG 5364 --- [    Test worker] org.hibernate.type.BasicTypeRegistry     : Adding type registration [B -> org.hibernate.type.BasicTypeReference@425b5fe2
2024-03-01T19:43:34.655+09:00 DEBUG 5364 --- [    Test worker] org.hibernate.type.BasicTypeRegistry     : Adding type registration binary_wrapper -> org.hibernate.type.BasicTypeReference@343db2f6
2024-03-01T19:43:34.655+09:00 DEBUG 5364 --- [    Test worker] org.hibernate.type.BasicTypeRegistry     : Adding type registration wrapper-binary -> org.hibernate.type.BasicTypeReference@343db2f6
2024-03-01T19:43:34.655+09:00 DEBUG 5364 --- [    Test worker] org.hibernate.type.BasicTypeRegistry     : Adding type registration image -> org.hibernate.type.BasicTypeReference@2c815fdc
2024-03-01T19:43:34.655+09:00 DEBUG 5364 --- [    Test worker] org.hibernate.type.BasicTypeRegistry     : Adding type registration blob -> org.hibernate.type.BasicTypeReference@769b0752
2024-03-01T19:43:34.655+09:00 DEBUG 5364 --- [    Test worker] org.hibernate.type.BasicTypeRegistry     : Adding type registration java.sql.Blob -> org.hibernate.type.BasicTypeReference@769b0752
2024-03-01T19:43:34.655+09:00 DEBUG 5364 --- [    Test worker] org.hibernate.type.BasicTypeRegistry     : Adding type registration materialized_blob -> org.hibernate.type.BasicTypeReference@dae5e0
2024-03-01T19:43:34.655+09:00 DEBUG 5364 --- [    Test worker] org.hibernate.type.BasicTypeRegistry     : Adding type registration materialized_blob_wrapper -> org.hibernate.type.BasicTypeReference@59a94d0f
2024-03-01T19:43:34.655+09:00 DEBUG 5364 --- [    Test worker] org.hibernate.type.BasicTypeRegistry     : Adding type registration short -> org.hibernate.type.BasicTypeReference@7ff09659
2024-03-01T19:43:34.655+09:00 DEBUG 5364 --- [    Test worker] org.hibernate.type.BasicTypeRegistry     : Adding type registration short -> org.hibernate.type.BasicTypeReference@7ff09659
2024-03-01T19:43:34.655+09:00 DEBUG 5364 --- [    Test worker] org.hibernate.type.BasicTypeRegistry     : Adding type registration java.lang.Short -> org.hibernate.type.BasicTypeReference@7ff09659
2024-03-01T19:43:34.655+09:00 DEBUG 5364 --- [    Test worker] org.hibernate.type.BasicTypeRegistry     : Adding type registration integer -> org.hibernate.type.BasicTypeReference@517fbf62
2024-03-01T19:43:34.655+09:00 DEBUG 5364 --- [    Test worker] org.hibernate.type.BasicTypeRegistry     : Adding type registration int -> org.hibernate.type.BasicTypeReference@517fbf62
2024-03-01T19:43:34.655+09:00 DEBUG 5364 --- [    Test worker] org.hibernate.type.BasicTypeRegistry     : Adding type registration java.lang.Integer -> org.hibernate.type.BasicTypeReference@517fbf62
2024-03-01T19:43:34.656+09:00 DEBUG 5364 --- [    Test worker] org.hibernate.type.BasicTypeRegistry     : Adding type registration long -> org.hibernate.type.BasicTypeReference@65db548
2024-03-01T19:43:34.656+09:00 DEBUG 5364 --- [    Test worker] org.hibernate.type.BasicTypeRegistry     : Adding type registration long -> org.hibernate.type.BasicTypeReference@65db548
2024-03-01T19:43:34.656+09:00 DEBUG 5364 --- [    Test worker] org.hibernate.type.BasicTypeRegistry     : Adding type registration java.lang.Long -> org.hibernate.type.BasicTypeReference@65db548
2024-03-01T19:43:34.656+09:00 DEBUG 5364 --- [    Test worker] org.hibernate.type.BasicTypeRegistry     : Adding type registration float -> org.hibernate.type.BasicTypeReference@150f41b9
2024-03-01T19:43:34.656+09:00 DEBUG 5364 --- [    Test worker] org.hibernate.type.BasicTypeRegistry     : Adding type registration float -> org.hibernate.type.BasicTypeReference@150f41b9
2024-03-01T19:43:34.656+09:00 DEBUG 5364 --- [    Test worker] org.hibernate.type.BasicTypeRegistry     : Adding type registration java.lang.Float -> org.hibernate.type.BasicTypeReference@150f41b9
2024-03-01T19:43:34.656+09:00 DEBUG 5364 --- [    Test worker] org.hibernate.type.BasicTypeRegistry     : Adding type registration double -> org.hibernate.type.BasicTypeReference@6e364f1f
2024-03-01T19:43:34.656+09:00 DEBUG 5364 --- [    Test worker] org.hibernate.type.BasicTypeRegistry     : Adding type registration double -> org.hibernate.type.BasicTypeReference@6e364f1f
2024-03-01T19:43:34.656+09:00 DEBUG 5364 --- [    Test worker] org.hibernate.type.BasicTypeRegistry     : Adding type registration java.lang.Double -> org.hibernate.type.BasicTypeReference@6e364f1f
2024-03-01T19:43:34.656+09:00 DEBUG 5364 --- [    Test worker] org.hibernate.type.BasicTypeRegistry     : Adding type registration big_integer -> org.hibernate.type.BasicTypeReference@429e7914
2024-03-01T19:43:34.656+09:00 DEBUG 5364 --- [    Test worker] org.hibernate.type.BasicTypeRegistry     : Adding type registration java.math.BigInteger -> org.hibernate.type.BasicTypeReference@429e7914
2024-03-01T19:43:34.657+09:00 DEBUG 5364 --- [    Test worker] org.hibernate.type.BasicTypeRegistry     : Adding type registration big_decimal -> org.hibernate.type.BasicTypeReference@298263fa
2024-03-01T19:43:34.657+09:00 DEBUG 5364 --- [    Test worker] org.hibernate.type.BasicTypeRegistry     : Adding type registration java.math.BigDecimal -> org.hibernate.type.BasicTypeReference@298263fa
2024-03-01T19:43:34.657+09:00 DEBUG 5364 --- [    Test worker] org.hibernate.type.BasicTypeRegistry     : Adding type registration character -> org.hibernate.type.BasicTypeReference@466fedfa
2024-03-01T19:43:34.657+09:00 DEBUG 5364 --- [    Test worker] org.hibernate.type.BasicTypeRegistry     : Adding type registration char -> org.hibernate.type.BasicTypeReference@466fedfa
2024-03-01T19:43:34.657+09:00 DEBUG 5364 --- [    Test worker] org.hibernate.type.BasicTypeRegistry     : Adding type registration java.lang.Character -> org.hibernate.type.BasicTypeReference@466fedfa
2024-03-01T19:43:34.657+09:00 DEBUG 5364 --- [    Test worker] org.hibernate.type.BasicTypeRegistry     : Adding type registration character_nchar -> org.hibernate.type.BasicTypeReference@1a7d0c9f
2024-03-01T19:43:34.657+09:00 DEBUG 5364 --- [    Test worker] org.hibernate.type.BasicTypeRegistry     : Adding type registration string -> org.hibernate.type.BasicTypeReference@2b1a901d
2024-03-01T19:43:34.657+09:00 DEBUG 5364 --- [    Test worker] org.hibernate.type.BasicTypeRegistry     : Adding type registration java.lang.String -> org.hibernate.type.BasicTypeReference@2b1a901d
2024-03-01T19:43:34.658+09:00 DEBUG 5364 --- [    Test worker] org.hibernate.type.BasicTypeRegistry     : Adding type registration nstring -> org.hibernate.type.BasicTypeReference@11bdab37
2024-03-01T19:43:34.658+09:00 DEBUG 5364 --- [    Test worker] org.hibernate.type.BasicTypeRegistry     : Adding type registration characters -> org.hibernate.type.BasicTypeReference@280484c7
2024-03-01T19:43:34.658+09:00 DEBUG 5364 --- [    Test worker] org.hibernate.type.BasicTypeRegistry     : Adding type registration char[] -> org.hibernate.type.BasicTypeReference@280484c7
2024-03-01T19:43:34.658+09:00 DEBUG 5364 --- [    Test worker] org.hibernate.type.BasicTypeRegistry     : Adding type registration [C -> org.hibernate.type.BasicTypeReference@280484c7
2024-03-01T19:43:34.658+09:00 DEBUG 5364 --- [    Test worker] org.hibernate.type.BasicTypeRegistry     : Adding type registration wrapper-characters -> org.hibernate.type.BasicTypeReference@5a6f6cac
2024-03-01T19:43:34.658+09:00 DEBUG 5364 --- [    Test worker] org.hibernate.type.BasicTypeRegistry     : Adding type registration text -> org.hibernate.type.BasicTypeReference@258a8584
2024-03-01T19:43:34.658+09:00 DEBUG 5364 --- [    Test worker] org.hibernate.type.BasicTypeRegistry     : Adding type registration ntext -> org.hibernate.type.BasicTypeReference@59127611
2024-03-01T19:43:34.658+09:00 DEBUG 5364 --- [    Test worker] org.hibernate.type.BasicTypeRegistry     : Adding type registration clob -> org.hibernate.type.BasicTypeReference@553ce348
2024-03-01T19:43:34.658+09:00 DEBUG 5364 --- [    Test worker] org.hibernate.type.BasicTypeRegistry     : Adding type registration java.sql.Clob -> org.hibernate.type.BasicTypeReference@553ce348
2024-03-01T19:43:34.658+09:00 DEBUG 5364 --- [    Test worker] org.hibernate.type.BasicTypeRegistry     : Adding type registration nclob -> org.hibernate.type.BasicTypeReference@7417ef4f
2024-03-01T19:43:34.659+09:00 DEBUG 5364 --- [    Test worker] org.hibernate.type.BasicTypeRegistry     : Adding type registration java.sql.NClob -> org.hibernate.type.BasicTypeReference@7417ef4f
2024-03-01T19:43:34.659+09:00 DEBUG 5364 --- [    Test worker] org.hibernate.type.BasicTypeRegistry     : Adding type registration materialized_clob -> org.hibernate.type.BasicTypeReference@5c0e2ec
2024-03-01T19:43:34.659+09:00 DEBUG 5364 --- [    Test worker] org.hibernate.type.BasicTypeRegistry     : Adding type registration materialized_clob_char_array -> org.hibernate.type.BasicTypeReference@4fa8bebb
2024-03-01T19:43:34.659+09:00 DEBUG 5364 --- [    Test worker] org.hibernate.type.BasicTypeRegistry     : Adding type registration materialized_clob_character_array -> org.hibernate.type.BasicTypeReference@7d3c22a5
2024-03-01T19:43:34.659+09:00 DEBUG 5364 --- [    Test worker] org.hibernate.type.BasicTypeRegistry     : Adding type registration materialized_nclob -> org.hibernate.type.BasicTypeReference@369ad7da
2024-03-01T19:43:34.659+09:00 DEBUG 5364 --- [    Test worker] org.hibernate.type.BasicTypeRegistry     : Adding type registration materialized_nclob_character_array -> org.hibernate.type.BasicTypeReference@344f9467
2024-03-01T19:43:34.659+09:00 DEBUG 5364 --- [    Test worker] org.hibernate.type.BasicTypeRegistry     : Adding type registration materialized_nclob_char_array -> org.hibernate.type.BasicTypeReference@3e98b933
2024-03-01T19:43:34.659+09:00 DEBUG 5364 --- [    Test worker] org.hibernate.type.BasicTypeRegistry     : Adding type registration Duration -> org.hibernate.type.BasicTypeReference@222d9d4f
2024-03-01T19:43:34.659+09:00 DEBUG 5364 --- [    Test worker] org.hibernate.type.BasicTypeRegistry     : Adding type registration java.time.Duration -> org.hibernate.type.BasicTypeReference@222d9d4f
2024-03-01T19:43:34.659+09:00 DEBUG 5364 --- [    Test worker] org.hibernate.type.BasicTypeRegistry     : Adding type registration LocalDateTime -> org.hibernate.type.BasicTypeReference@4269aad7
2024-03-01T19:43:34.659+09:00 DEBUG 5364 --- [    Test worker] org.hibernate.type.BasicTypeRegistry     : Adding type registration java.time.LocalDateTime -> org.hibernate.type.BasicTypeReference@4269aad7
2024-03-01T19:43:34.660+09:00 DEBUG 5364 --- [    Test worker] org.hibernate.type.BasicTypeRegistry     : Adding type registration LocalDate -> org.hibernate.type.BasicTypeReference@a4df251
2024-03-01T19:43:34.660+09:00 DEBUG 5364 --- [    Test worker] org.hibernate.type.BasicTypeRegistry     : Adding type registration java.time.LocalDate -> org.hibernate.type.BasicTypeReference@a4df251
2024-03-01T19:43:34.660+09:00 DEBUG 5364 --- [    Test worker] org.hibernate.type.BasicTypeRegistry     : Adding type registration LocalTime -> org.hibernate.type.BasicTypeReference@71e7830a
2024-03-01T19:43:34.660+09:00 DEBUG 5364 --- [    Test worker] org.hibernate.type.BasicTypeRegistry     : Adding type registration java.time.LocalTime -> org.hibernate.type.BasicTypeReference@71e7830a
2024-03-01T19:43:34.660+09:00 DEBUG 5364 --- [    Test worker] org.hibernate.type.BasicTypeRegistry     : Adding type registration OffsetDateTime -> org.hibernate.type.BasicTypeReference@3feebf9c
2024-03-01T19:43:34.660+09:00 DEBUG 5364 --- [    Test worker] org.hibernate.type.BasicTypeRegistry     : Adding type registration java.time.OffsetDateTime -> org.hibernate.type.BasicTypeReference@3feebf9c
2024-03-01T19:43:34.660+09:00 DEBUG 5364 --- [    Test worker] org.hibernate.type.BasicTypeRegistry     : Adding type registration OffsetDateTimeWithTimezone -> org.hibernate.type.BasicTypeReference@305e95a4
2024-03-01T19:43:34.660+09:00 DEBUG 5364 --- [    Test worker] org.hibernate.type.BasicTypeRegistry     : Adding type registration OffsetDateTimeWithoutTimezone -> org.hibernate.type.BasicTypeReference@55e42684
2024-03-01T19:43:34.660+09:00 DEBUG 5364 --- [    Test worker] org.hibernate.type.BasicTypeRegistry     : Adding type registration OffsetTime -> org.hibernate.type.BasicTypeReference@18d610e1
2024-03-01T19:43:34.660+09:00 DEBUG 5364 --- [    Test worker] org.hibernate.type.BasicTypeRegistry     : Adding type registration java.time.OffsetTime -> org.hibernate.type.BasicTypeReference@18d610e1
2024-03-01T19:43:34.660+09:00 DEBUG 5364 --- [    Test worker] org.hibernate.type.BasicTypeRegistry     : Adding type registration OffsetTimeUtc -> org.hibernate.type.BasicTypeReference@528e5e38
2024-03-01T19:43:34.660+09:00 DEBUG 5364 --- [    Test worker] org.hibernate.type.BasicTypeRegistry     : Adding type registration OffsetTimeWithTimezone -> org.hibernate.type.BasicTypeReference@16391278
2024-03-01T19:43:34.660+09:00 DEBUG 5364 --- [    Test worker] org.hibernate.type.BasicTypeRegistry     : Adding type registration OffsetTimeWithoutTimezone -> org.hibernate.type.BasicTypeReference@621dc63d
2024-03-01T19:43:34.660+09:00 DEBUG 5364 --- [    Test worker] org.hibernate.type.BasicTypeRegistry     : Adding type registration ZonedDateTime -> org.hibernate.type.BasicTypeReference@4ae49387
2024-03-01T19:43:34.660+09:00 DEBUG 5364 --- [    Test worker] org.hibernate.type.BasicTypeRegistry     : Adding type registration java.time.ZonedDateTime -> org.hibernate.type.BasicTypeReference@4ae49387
2024-03-01T19:43:34.660+09:00 DEBUG 5364 --- [    Test worker] org.hibernate.type.BasicTypeRegistry     : Adding type registration ZonedDateTimeWithTimezone -> org.hibernate.type.BasicTypeReference@6abb7b7d
2024-03-01T19:43:34.660+09:00 DEBUG 5364 --- [    Test worker] org.hibernate.type.BasicTypeRegistry     : Adding type registration ZonedDateTimeWithoutTimezone -> org.hibernate.type.BasicTypeReference@34cf0e80
2024-03-01T19:43:34.661+09:00 DEBUG 5364 --- [    Test worker] org.hibernate.type.BasicTypeRegistry     : Adding type registration date -> org.hibernate.type.BasicTypeReference@38ef1a0a
2024-03-01T19:43:34.661+09:00 DEBUG 5364 --- [    Test worker] org.hibernate.type.BasicTypeRegistry     : Adding type registration java.sql.Date -> org.hibernate.type.BasicTypeReference@38ef1a0a
2024-03-01T19:43:34.661+09:00 DEBUG 5364 --- [    Test worker] org.hibernate.type.BasicTypeRegistry     : Adding type registration time -> org.hibernate.type.BasicTypeReference@56f9de3b
2024-03-01T19:43:34.661+09:00 DEBUG 5364 --- [    Test worker] org.hibernate.type.BasicTypeRegistry     : Adding type registration java.sql.Time -> org.hibernate.type.BasicTypeReference@56f9de3b
2024-03-01T19:43:34.661+09:00 DEBUG 5364 --- [    Test worker] org.hibernate.type.BasicTypeRegistry     : Adding type registration timestamp -> org.hibernate.type.BasicTypeReference@6728370a
2024-03-01T19:43:34.661+09:00 DEBUG 5364 --- [    Test worker] org.hibernate.type.BasicTypeRegistry     : Adding type registration java.sql.Timestamp -> org.hibernate.type.BasicTypeReference@6728370a
2024-03-01T19:43:34.661+09:00 DEBUG 5364 --- [    Test worker] org.hibernate.type.BasicTypeRegistry     : Adding type registration java.util.Date -> org.hibernate.type.BasicTypeReference@6728370a
2024-03-01T19:43:34.661+09:00 DEBUG 5364 --- [    Test worker] org.hibernate.type.BasicTypeRegistry     : Adding type registration calendar -> org.hibernate.type.BasicTypeReference@2b5f8e61
2024-03-01T19:43:34.661+09:00 DEBUG 5364 --- [    Test worker] org.hibernate.type.BasicTypeRegistry     : Adding type registration java.util.Calendar -> org.hibernate.type.BasicTypeReference@2b5f8e61
2024-03-01T19:43:34.661+09:00 DEBUG 5364 --- [    Test worker] org.hibernate.type.BasicTypeRegistry     : Adding type registration java.util.GregorianCalendar -> org.hibernate.type.BasicTypeReference@2b5f8e61
2024-03-01T19:43:34.661+09:00 DEBUG 5364 --- [    Test worker] org.hibernate.type.BasicTypeRegistry     : Adding type registration calendar_date -> org.hibernate.type.BasicTypeReference@6ba0ee4a
2024-03-01T19:43:34.661+09:00 DEBUG 5364 --- [    Test worker] org.hibernate.type.BasicTypeRegistry     : Adding type registration calendar_time -> org.hibernate.type.BasicTypeReference@73b0ed03
2024-03-01T19:43:34.661+09:00 DEBUG 5364 --- [    Test worker] org.hibernate.type.BasicTypeRegistry     : Adding type registration instant -> org.hibernate.type.BasicTypeReference@55061418
2024-03-01T19:43:34.661+09:00 DEBUG 5364 --- [    Test worker] org.hibernate.type.BasicTypeRegistry     : Adding type registration java.time.Instant -> org.hibernate.type.BasicTypeReference@55061418
2024-03-01T19:43:34.661+09:00 DEBUG 5364 --- [    Test worker] org.hibernate.type.BasicTypeRegistry     : Adding type registration uuid -> org.hibernate.type.BasicTypeReference@27db45f
2024-03-01T19:43:34.661+09:00 DEBUG 5364 --- [    Test worker] org.hibernate.type.BasicTypeRegistry     : Adding type registration java.util.UUID -> org.hibernate.type.BasicTypeReference@27db45f
2024-03-01T19:43:34.661+09:00 DEBUG 5364 --- [    Test worker] org.hibernate.type.BasicTypeRegistry     : Adding type registration pg-uuid -> org.hibernate.type.BasicTypeReference@27db45f
2024-03-01T19:43:34.662+09:00 DEBUG 5364 --- [    Test worker] org.hibernate.type.BasicTypeRegistry     : Adding type registration uuid-binary -> org.hibernate.type.BasicTypeReference@6ec3d8e4
2024-03-01T19:43:34.662+09:00 DEBUG 5364 --- [    Test worker] org.hibernate.type.BasicTypeRegistry     : Adding type registration uuid-char -> org.hibernate.type.BasicTypeReference@1aeff8ca
2024-03-01T19:43:34.662+09:00 DEBUG 5364 --- [    Test worker] org.hibernate.type.BasicTypeRegistry     : Adding type registration class -> org.hibernate.type.BasicTypeReference@7f2c995b
2024-03-01T19:43:34.662+09:00 DEBUG 5364 --- [    Test worker] org.hibernate.type.BasicTypeRegistry     : Adding type registration java.lang.Class -> org.hibernate.type.BasicTypeReference@7f2c995b
2024-03-01T19:43:34.662+09:00 DEBUG 5364 --- [    Test worker] org.hibernate.type.BasicTypeRegistry     : Adding type registration currency -> org.hibernate.type.BasicTypeReference@101c15ad
2024-03-01T19:43:34.662+09:00 DEBUG 5364 --- [    Test worker] org.hibernate.type.BasicTypeRegistry     : Adding type registration Currency -> org.hibernate.type.BasicTypeReference@101c15ad
2024-03-01T19:43:34.662+09:00 DEBUG 5364 --- [    Test worker] org.hibernate.type.BasicTypeRegistry     : Adding type registration java.util.Currency -> org.hibernate.type.BasicTypeReference@101c15ad
2024-03-01T19:43:34.662+09:00 DEBUG 5364 --- [    Test worker] org.hibernate.type.BasicTypeRegistry     : Adding type registration locale -> org.hibernate.type.BasicTypeReference@6068ebb2
2024-03-01T19:43:34.662+09:00 DEBUG 5364 --- [    Test worker] org.hibernate.type.BasicTypeRegistry     : Adding type registration java.util.Locale -> org.hibernate.type.BasicTypeReference@6068ebb2
2024-03-01T19:43:34.663+09:00 DEBUG 5364 --- [    Test worker] org.hibernate.type.BasicTypeRegistry     : Adding type registration serializable -> org.hibernate.type.BasicTypeReference@5a466dd
2024-03-01T19:43:34.663+09:00 DEBUG 5364 --- [    Test worker] org.hibernate.type.BasicTypeRegistry     : Adding type registration java.io.Serializable -> org.hibernate.type.BasicTypeReference@5a466dd
2024-03-01T19:43:34.663+09:00 DEBUG 5364 --- [    Test worker] org.hibernate.type.BasicTypeRegistry     : Adding type registration timezone -> org.hibernate.type.BasicTypeReference@1ed9d173
2024-03-01T19:43:34.663+09:00 DEBUG 5364 --- [    Test worker] org.hibernate.type.BasicTypeRegistry     : Adding type registration java.util.TimeZone -> org.hibernate.type.BasicTypeReference@1ed9d173
2024-03-01T19:43:34.663+09:00 DEBUG 5364 --- [    Test worker] org.hibernate.type.BasicTypeRegistry     : Adding type registration ZoneOffset -> org.hibernate.type.BasicTypeReference@6e981e78
2024-03-01T19:43:34.663+09:00 DEBUG 5364 --- [    Test worker] org.hibernate.type.BasicTypeRegistry     : Adding type registration java.time.ZoneOffset -> org.hibernate.type.BasicTypeReference@6e981e78
2024-03-01T19:43:34.663+09:00 DEBUG 5364 --- [    Test worker] org.hibernate.type.BasicTypeRegistry     : Adding type registration url -> org.hibernate.type.BasicTypeReference@498a4d62
2024-03-01T19:43:34.663+09:00 DEBUG 5364 --- [    Test worker] org.hibernate.type.BasicTypeRegistry     : Adding type registration java.net.URL -> org.hibernate.type.BasicTypeReference@498a4d62
2024-03-01T19:43:34.663+09:00 DEBUG 5364 --- [    Test worker] org.hibernate.type.BasicTypeRegistry     : Adding type registration row_version -> org.hibernate.type.BasicTypeReference@6fbe4800
2024-03-01T19:43:34.667+09:00 DEBUG 5364 --- [    Test worker] org.hibernate.type.BasicTypeRegistry     : Adding type registration object -> org.hibernate.type.JavaObjectType@15f519f7
2024-03-01T19:43:34.667+09:00 DEBUG 5364 --- [    Test worker] org.hibernate.type.BasicTypeRegistry     : Adding type registration java.lang.Object -> org.hibernate.type.JavaObjectType@15f519f7
2024-03-01T19:43:34.668+09:00 DEBUG 5364 --- [    Test worker] org.hibernate.type.BasicTypeRegistry     : Adding type registration null -> org.hibernate.type.NullType@e06ec83
2024-03-01T19:43:34.668+09:00 DEBUG 5364 --- [    Test worker] org.hibernate.type.BasicTypeRegistry     : Adding type registration imm_date -> org.hibernate.type.BasicTypeReference@628962e5
2024-03-01T19:43:34.668+09:00 DEBUG 5364 --- [    Test worker] org.hibernate.type.BasicTypeRegistry     : Adding type registration imm_time -> org.hibernate.type.BasicTypeReference@410382cb
2024-03-01T19:43:34.668+09:00 DEBUG 5364 --- [    Test worker] org.hibernate.type.BasicTypeRegistry     : Adding type registration imm_timestamp -> org.hibernate.type.BasicTypeReference@399f5daf
2024-03-01T19:43:34.668+09:00 DEBUG 5364 --- [    Test worker] org.hibernate.type.BasicTypeRegistry     : Adding type registration imm_calendar -> org.hibernate.type.BasicTypeReference@c4cceb
2024-03-01T19:43:34.668+09:00 DEBUG 5364 --- [    Test worker] org.hibernate.type.BasicTypeRegistry     : Adding type registration imm_calendar_date -> org.hibernate.type.BasicTypeReference@29f3185c
2024-03-01T19:43:34.668+09:00 DEBUG 5364 --- [    Test worker] org.hibernate.type.BasicTypeRegistry     : Adding type registration imm_calendar_time -> org.hibernate.type.BasicTypeReference@74bbc273
2024-03-01T19:43:34.668+09:00 DEBUG 5364 --- [    Test worker] org.hibernate.type.BasicTypeRegistry     : Adding type registration imm_binary -> org.hibernate.type.BasicTypeReference@370a8b6e
2024-03-01T19:43:34.669+09:00 DEBUG 5364 --- [    Test worker] org.hibernate.type.BasicTypeRegistry     : Adding type registration imm_serializable -> org.hibernate.type.BasicTypeReference@118fbaf0
2024-03-01T19:43:34.767+09:00  INFO 5364 --- [    Test worker] o.s.o.j.p.SpringPersistenceUnitInfo      : No LoadTimeWeaver setup: ignoring JPA class transformer
2024-03-01T19:43:34.818+09:00 DEBUG 5364 --- [    Test worker] o.h.t.d.jdbc.spi.JdbcTypeRegistry        : addDescriptor(NCharTypeDescriptor) replaced previous registration(CharTypeDescriptor)
2024-03-01T19:43:34.819+09:00 DEBUG 5364 --- [    Test worker] o.h.t.d.jdbc.spi.JdbcTypeRegistry        : addDescriptor(NVarcharTypeDescriptor) replaced previous registration(VarcharTypeDescriptor)
2024-03-01T19:43:34.819+09:00 DEBUG 5364 --- [    Test worker] o.h.t.d.jdbc.spi.JdbcTypeRegistry        : addDescriptor(LongNVarcharTypeDescriptor) replaced previous registration(LongVarcharTypeDescriptor)
2024-03-01T19:43:34.820+09:00 DEBUG 5364 --- [    Test worker] o.h.t.d.jdbc.spi.JdbcTypeRegistry        : addDescriptor(NClobTypeDescriptor(DEFAULT)) replaced previous registration(ClobTypeDescriptor(DEFAULT))
2024-03-01T19:43:34.821+09:00 DEBUG 5364 --- [    Test worker] o.h.t.d.jdbc.spi.JdbcTypeRegistry        : addDescriptor(2005, ClobTypeDescriptor(STREAM_BINDING)) replaced previous registration(ClobTypeDescriptor(DEFAULT))
2024-03-01T19:43:34.821+09:00 DEBUG 5364 --- [    Test worker] o.h.t.d.jdbc.spi.JdbcTypeRegistry        : addDescriptor(TimestampUtcDescriptor) replaced previous registration(TimestampUtcDescriptor)
2024-03-01T19:43:34.824+09:00 DEBUG 5364 --- [    Test worker] org.hibernate.type.BasicTypeRegistry     : Adding type registration Duration -> basicType@1(java.time.Duration,2)
2024-03-01T19:43:34.824+09:00 DEBUG 5364 --- [    Test worker] org.hibernate.type.BasicTypeRegistry     : Adding type registration java.time.Duration -> basicType@1(java.time.Duration,2)
2024-03-01T19:43:34.826+09:00 DEBUG 5364 --- [    Test worker] o.h.type.spi.TypeConfiguration$Scope     : Scoping TypeConfiguration [org.hibernate.type.spi.TypeConfiguration@2168def] to MetadataBuildingContext [org.hibernate.boot.internal.MetadataBuildingContextRootImpl@3639b04]
2024-03-01T19:43:34.979+09:00  INFO 5364 --- [    Test worker] p6spy                                    : #1709289814979 | took 4ms | statement | connection 2| url jdbc:h2:mem:460c0c4a-72e1-4f89-8ef2-3af003384844
select * from INFORMATION_SCHEMA.SEQUENCES
select * from INFORMATION_SCHEMA.SEQUENCES;
2024-03-01T19:43:35.473+09:00  INFO 5364 --- [    Test worker] o.h.e.t.j.p.i.JtaPlatformInitiator       : HHH000489: No JTA platform available (set 'hibernate.transaction.jta.platform' to enable JTA platform integration)
2024-03-01T19:43:35.474+09:00 DEBUG 5364 --- [    Test worker] o.h.type.spi.TypeConfiguration$Scope     : Scoping TypeConfiguration [org.hibernate.type.spi.TypeConfiguration@2168def] to SessionFactoryImplementor [org.hibernate.internal.SessionFactoryImpl@227c0cf7]
2024-03-01T19:43:35.483+09:00 DEBUG 5364 --- [    Test worker] org.hibernate.SQL                        : drop table if exists category cascade 
2024-03-01T19:43:35.484+09:00  INFO 5364 --- [    Test worker] p6spy                                    : #1709289815484 | took 0ms | statement | connection 3| url jdbc:h2:mem:460c0c4a-72e1-4f89-8ef2-3af003384844
drop table if exists category cascade 
drop table if exists category cascade ;
2024-03-01T19:43:35.485+09:00 DEBUG 5364 --- [    Test worker] org.hibernate.SQL                        : drop table if exists category_item cascade 
2024-03-01T19:43:35.485+09:00  INFO 5364 --- [    Test worker] p6spy                                    : #1709289815485 | took 0ms | statement | connection 3| url jdbc:h2:mem:460c0c4a-72e1-4f89-8ef2-3af003384844
drop table if exists category_item cascade 
drop table if exists category_item cascade ;
2024-03-01T19:43:35.485+09:00 DEBUG 5364 --- [    Test worker] org.hibernate.SQL                        : drop table if exists delivery cascade 
2024-03-01T19:43:35.485+09:00  INFO 5364 --- [    Test worker] p6spy                                    : #1709289815485 | took 0ms | statement | connection 3| url jdbc:h2:mem:460c0c4a-72e1-4f89-8ef2-3af003384844
drop table if exists delivery cascade 
drop table if exists delivery cascade ;
2024-03-01T19:43:35.485+09:00 DEBUG 5364 --- [    Test worker] org.hibernate.SQL                        : drop table if exists item cascade 
2024-03-01T19:43:35.485+09:00  INFO 5364 --- [    Test worker] p6spy                                    : #1709289815485 | took 0ms | statement | connection 3| url jdbc:h2:mem:460c0c4a-72e1-4f89-8ef2-3af003384844
drop table if exists item cascade 
drop table if exists item cascade ;
2024-03-01T19:43:35.485+09:00 DEBUG 5364 --- [    Test worker] org.hibernate.SQL                        : drop table if exists member cascade 
2024-03-01T19:43:35.485+09:00  INFO 5364 --- [    Test worker] p6spy                                    : #1709289815485 | took 0ms | statement | connection 3| url jdbc:h2:mem:460c0c4a-72e1-4f89-8ef2-3af003384844
drop table if exists member cascade 
drop table if exists member cascade ;
2024-03-01T19:43:35.485+09:00 DEBUG 5364 --- [    Test worker] org.hibernate.SQL                        : drop table if exists order_item cascade 
2024-03-01T19:43:35.485+09:00  INFO 5364 --- [    Test worker] p6spy                                    : #1709289815485 | took 0ms | statement | connection 3| url jdbc:h2:mem:460c0c4a-72e1-4f89-8ef2-3af003384844
drop table if exists order_item cascade 
drop table if exists order_item cascade ;
2024-03-01T19:43:35.485+09:00 DEBUG 5364 --- [    Test worker] org.hibernate.SQL                        : drop table if exists orders cascade 
2024-03-01T19:43:35.485+09:00  INFO 5364 --- [    Test worker] p6spy                                    : #1709289815485 | took 0ms | statement | connection 3| url jdbc:h2:mem:460c0c4a-72e1-4f89-8ef2-3af003384844
drop table if exists orders cascade 
drop table if exists orders cascade ;
2024-03-01T19:43:35.486+09:00 DEBUG 5364 --- [    Test worker] org.hibernate.SQL                        : drop sequence if exists category_seq
2024-03-01T19:43:35.486+09:00  INFO 5364 --- [    Test worker] p6spy                                    : #1709289815486 | took 0ms | statement | connection 3| url jdbc:h2:mem:460c0c4a-72e1-4f89-8ef2-3af003384844
drop sequence if exists category_seq
drop sequence if exists category_seq;
2024-03-01T19:43:35.486+09:00 DEBUG 5364 --- [    Test worker] org.hibernate.SQL                        : drop sequence if exists delivery_seq
2024-03-01T19:43:35.486+09:00  INFO 5364 --- [    Test worker] p6spy                                    : #1709289815486 | took 0ms | statement | connection 3| url jdbc:h2:mem:460c0c4a-72e1-4f89-8ef2-3af003384844
drop sequence if exists delivery_seq
drop sequence if exists delivery_seq;
2024-03-01T19:43:35.486+09:00 DEBUG 5364 --- [    Test worker] org.hibernate.SQL                        : drop sequence if exists item_seq
2024-03-01T19:43:35.486+09:00  INFO 5364 --- [    Test worker] p6spy                                    : #1709289815486 | took 0ms | statement | connection 3| url jdbc:h2:mem:460c0c4a-72e1-4f89-8ef2-3af003384844
drop sequence if exists item_seq
drop sequence if exists item_seq;
2024-03-01T19:43:35.486+09:00 DEBUG 5364 --- [    Test worker] org.hibernate.SQL                        : drop sequence if exists member_seq
2024-03-01T19:43:35.486+09:00  INFO 5364 --- [    Test worker] p6spy                                    : #1709289815486 | took 0ms | statement | connection 3| url jdbc:h2:mem:460c0c4a-72e1-4f89-8ef2-3af003384844
drop sequence if exists member_seq
drop sequence if exists member_seq;
2024-03-01T19:43:35.486+09:00 DEBUG 5364 --- [    Test worker] org.hibernate.SQL                        : drop sequence if exists order_item_seq
2024-03-01T19:43:35.487+09:00  INFO 5364 --- [    Test worker] p6spy                                    : #1709289815487 | took 0ms | statement | connection 3| url jdbc:h2:mem:460c0c4a-72e1-4f89-8ef2-3af003384844
drop sequence if exists order_item_seq
drop sequence if exists order_item_seq;
2024-03-01T19:43:35.487+09:00 DEBUG 5364 --- [    Test worker] org.hibernate.SQL                        : drop sequence if exists orders_seq
2024-03-01T19:43:35.487+09:00  INFO 5364 --- [    Test worker] p6spy                                    : #1709289815487 | took 0ms | statement | connection 3| url jdbc:h2:mem:460c0c4a-72e1-4f89-8ef2-3af003384844
drop sequence if exists orders_seq
drop sequence if exists orders_seq;
2024-03-01T19:43:35.490+09:00 DEBUG 5364 --- [    Test worker] org.hibernate.SQL                        : create sequence category_seq start with 1 increment by 50
2024-03-01T19:43:35.492+09:00  INFO 5364 --- [    Test worker] p6spy                                    : #1709289815492 | took 1ms | statement | connection 4| url jdbc:h2:mem:460c0c4a-72e1-4f89-8ef2-3af003384844
create sequence category_seq start with 1 increment by 50
create sequence category_seq start with 1 increment by 50;
2024-03-01T19:43:35.492+09:00 DEBUG 5364 --- [    Test worker] org.hibernate.SQL                        : create sequence delivery_seq start with 1 increment by 50
2024-03-01T19:43:35.492+09:00  INFO 5364 --- [    Test worker] p6spy                                    : #1709289815492 | took 0ms | statement | connection 4| url jdbc:h2:mem:460c0c4a-72e1-4f89-8ef2-3af003384844
create sequence delivery_seq start with 1 increment by 50
create sequence delivery_seq start with 1 increment by 50;
2024-03-01T19:43:35.492+09:00 DEBUG 5364 --- [    Test worker] org.hibernate.SQL                        : create sequence item_seq start with 1 increment by 50
2024-03-01T19:43:35.492+09:00  INFO 5364 --- [    Test worker] p6spy                                    : #1709289815492 | took 0ms | statement | connection 4| url jdbc:h2:mem:460c0c4a-72e1-4f89-8ef2-3af003384844
create sequence item_seq start with 1 increment by 50
create sequence item_seq start with 1 increment by 50;
2024-03-01T19:43:35.492+09:00 DEBUG 5364 --- [    Test worker] org.hibernate.SQL                        : create sequence member_seq start with 1 increment by 50
2024-03-01T19:43:35.493+09:00  INFO 5364 --- [    Test worker] p6spy                                    : #1709289815493 | took 0ms | statement | connection 4| url jdbc:h2:mem:460c0c4a-72e1-4f89-8ef2-3af003384844
create sequence member_seq start with 1 increment by 50
create sequence member_seq start with 1 increment by 50;
2024-03-01T19:43:35.493+09:00 DEBUG 5364 --- [    Test worker] org.hibernate.SQL                        : create sequence order_item_seq start with 1 increment by 50
2024-03-01T19:43:35.493+09:00  INFO 5364 --- [    Test worker] p6spy                                    : #1709289815493 | took 0ms | statement | connection 4| url jdbc:h2:mem:460c0c4a-72e1-4f89-8ef2-3af003384844
create sequence order_item_seq start with 1 increment by 50
create sequence order_item_seq start with 1 increment by 50;
2024-03-01T19:43:35.493+09:00 DEBUG 5364 --- [    Test worker] org.hibernate.SQL                        : create sequence orders_seq start with 1 increment by 50
2024-03-01T19:43:35.493+09:00  INFO 5364 --- [    Test worker] p6spy                                    : #1709289815493 | took 0ms | statement | connection 4| url jdbc:h2:mem:460c0c4a-72e1-4f89-8ef2-3af003384844
create sequence orders_seq start with 1 increment by 50
create sequence orders_seq start with 1 increment by 50;
2024-03-01T19:43:35.495+09:00 DEBUG 5364 --- [    Test worker] org.hibernate.SQL                        : create table category (category_id bigint not null, parent_id bigint, name varchar(255), primary key (category_id))
2024-03-01T19:43:35.498+09:00  INFO 5364 --- [    Test worker] p6spy                                    : #1709289815498 | took 2ms | statement | connection 4| url jdbc:h2:mem:460c0c4a-72e1-4f89-8ef2-3af003384844
create table category (category_id bigint not null, parent_id bigint, name varchar(255), primary key (category_id))
create table category (category_id bigint not null, parent_id bigint, name varchar(255), primary key (category_id));
2024-03-01T19:43:35.498+09:00 DEBUG 5364 --- [    Test worker] org.hibernate.SQL                        : create table category_item (category_id bigint not null, item_id bigint not null)
2024-03-01T19:43:35.498+09:00  INFO 5364 --- [    Test worker] p6spy                                    : #1709289815498 | took 0ms | statement | connection 4| url jdbc:h2:mem:460c0c4a-72e1-4f89-8ef2-3af003384844
create table category_item (category_id bigint not null, item_id bigint not null)
create table category_item (category_id bigint not null, item_id bigint not null);
2024-03-01T19:43:35.499+09:00 DEBUG 5364 --- [    Test worker] org.hibernate.SQL                        : create table delivery (delivery_id bigint not null, city varchar(255), status varchar(255) check (status in ('READY','COMP')), street varchar(255), zipcode varchar(255), primary key (delivery_id))
2024-03-01T19:43:35.500+09:00  INFO 5364 --- [    Test worker] p6spy                                    : #1709289815500 | took 1ms | statement | connection 4| url jdbc:h2:mem:460c0c4a-72e1-4f89-8ef2-3af003384844
create table delivery (delivery_id bigint not null, city varchar(255), status varchar(255) check (status in ('READY','COMP')), street varchar(255), zipcode varchar(255), primary key (delivery_id))
create table delivery (delivery_id bigint not null, city varchar(255), status varchar(255) check (status in ('READY','COMP')), street varchar(255), zipcode varchar(255), primary key (delivery_id));
2024-03-01T19:43:35.500+09:00 DEBUG 5364 --- [    Test worker] org.hibernate.SQL                        : create table item (price integer not null, stock_quantity integer not null, item_id bigint not null, dtype varchar(31) not null, actor varchar(255), artist varchar(255), author varchar(255), director varchar(255), etc varchar(255), isbn varchar(255), name varchar(255), primary key (item_id))
2024-03-01T19:43:35.501+09:00  INFO 5364 --- [    Test worker] p6spy                                    : #1709289815501 | took 0ms | statement | connection 4| url jdbc:h2:mem:460c0c4a-72e1-4f89-8ef2-3af003384844
create table item (price integer not null, stock_quantity integer not null, item_id bigint not null, dtype varchar(31) not null, actor varchar(255), artist varchar(255), author varchar(255), director varchar(255), etc varchar(255), isbn varchar(255), name varchar(255), primary key (item_id))
create table item (price integer not null, stock_quantity integer not null, item_id bigint not null, dtype varchar(31) not null, actor varchar(255), artist varchar(255), author varchar(255), director varchar(255), etc varchar(255), isbn varchar(255), name varchar(255), primary key (item_id));
2024-03-01T19:43:35.501+09:00 DEBUG 5364 --- [    Test worker] org.hibernate.SQL                        : create table member (member_id bigint not null, city varchar(255), name varchar(255), street varchar(255), zipcode varchar(255), primary key (member_id))
2024-03-01T19:43:35.501+09:00  INFO 5364 --- [    Test worker] p6spy                                    : #1709289815501 | took 0ms | statement | connection 4| url jdbc:h2:mem:460c0c4a-72e1-4f89-8ef2-3af003384844
create table member (member_id bigint not null, city varchar(255), name varchar(255), street varchar(255), zipcode varchar(255), primary key (member_id))
create table member (member_id bigint not null, city varchar(255), name varchar(255), street varchar(255), zipcode varchar(255), primary key (member_id));
2024-03-01T19:43:35.501+09:00 DEBUG 5364 --- [    Test worker] org.hibernate.SQL                        : create table order_item (count integer not null, order_price integer not null, item_id bigint, order_id bigint, order_item_id bigint not null, primary key (order_item_id))
2024-03-01T19:43:35.502+09:00  INFO 5364 --- [    Test worker] p6spy                                    : #1709289815502 | took 0ms | statement | connection 4| url jdbc:h2:mem:460c0c4a-72e1-4f89-8ef2-3af003384844
create table order_item (count integer not null, order_price integer not null, item_id bigint, order_id bigint, order_item_id bigint not null, primary key (order_item_id))
create table order_item (count integer not null, order_price integer not null, item_id bigint, order_id bigint, order_item_id bigint not null, primary key (order_item_id));
2024-03-01T19:43:35.503+09:00 DEBUG 5364 --- [    Test worker] org.hibernate.SQL                        : create table orders (delivery_id bigint unique, member_id bigint, order_date timestamp(6), order_id bigint not null, status varchar(255) check (status in ('ORDER','CANCEL')), primary key (order_id))
2024-03-01T19:43:35.504+09:00  INFO 5364 --- [    Test worker] p6spy                                    : #1709289815504 | took 1ms | statement | connection 4| url jdbc:h2:mem:460c0c4a-72e1-4f89-8ef2-3af003384844
create table orders (delivery_id bigint unique, member_id bigint, order_date timestamp(6), order_id bigint not null, status varchar(255) check (status in ('ORDER','CANCEL')), primary key (order_id))
create table orders (delivery_id bigint unique, member_id bigint, order_date timestamp(6), order_id bigint not null, status varchar(255) check (status in ('ORDER','CANCEL')), primary key (order_id));
2024-03-01T19:43:35.504+09:00 DEBUG 5364 --- [    Test worker] org.hibernate.SQL                        : alter table if exists category add constraint FK2y94svpmqttx80mshyny85wqr foreign key (parent_id) references category
2024-03-01T19:43:35.507+09:00  INFO 5364 --- [    Test worker] p6spy                                    : #1709289815507 | took 2ms | statement | connection 4| url jdbc:h2:mem:460c0c4a-72e1-4f89-8ef2-3af003384844
alter table if exists category add constraint FK2y94svpmqttx80mshyny85wqr foreign key (parent_id) references category
alter table if exists category add constraint FK2y94svpmqttx80mshyny85wqr foreign key (parent_id) references category;
2024-03-01T19:43:35.508+09:00 DEBUG 5364 --- [    Test worker] org.hibernate.SQL                        : alter table if exists category_item add constraint FKu8b4lwqutcdq3363gf6mlujq foreign key (item_id) references item
2024-03-01T19:43:35.508+09:00  INFO 5364 --- [    Test worker] p6spy                                    : #1709289815508 | took 0ms | statement | connection 4| url jdbc:h2:mem:460c0c4a-72e1-4f89-8ef2-3af003384844
alter table if exists category_item add constraint FKu8b4lwqutcdq3363gf6mlujq foreign key (item_id) references item
alter table if exists category_item add constraint FKu8b4lwqutcdq3363gf6mlujq foreign key (item_id) references item;
2024-03-01T19:43:35.508+09:00 DEBUG 5364 --- [    Test worker] org.hibernate.SQL                        : alter table if exists category_item add constraint FKcq2n0opf5shyh84ex1fhukcbh foreign key (category_id) references category
2024-03-01T19:43:35.509+09:00  INFO 5364 --- [    Test worker] p6spy                                    : #1709289815509 | took 0ms | statement | connection 4| url jdbc:h2:mem:460c0c4a-72e1-4f89-8ef2-3af003384844
alter table if exists category_item add constraint FKcq2n0opf5shyh84ex1fhukcbh foreign key (category_id) references category
alter table if exists category_item add constraint FKcq2n0opf5shyh84ex1fhukcbh foreign key (category_id) references category;
2024-03-01T19:43:35.509+09:00 DEBUG 5364 --- [    Test worker] org.hibernate.SQL                        : alter table if exists order_item add constraint FKija6hjjiit8dprnmvtvgdp6ru foreign key (item_id) references item
2024-03-01T19:43:35.510+09:00  INFO 5364 --- [    Test worker] p6spy                                    : #1709289815510 | took 0ms | statement | connection 4| url jdbc:h2:mem:460c0c4a-72e1-4f89-8ef2-3af003384844
alter table if exists order_item add constraint FKija6hjjiit8dprnmvtvgdp6ru foreign key (item_id) references item
alter table if exists order_item add constraint FKija6hjjiit8dprnmvtvgdp6ru foreign key (item_id) references item;
2024-03-01T19:43:35.510+09:00 DEBUG 5364 --- [    Test worker] org.hibernate.SQL                        : alter table if exists order_item add constraint FKt4dc2r9nbvbujrljv3e23iibt foreign key (order_id) references orders
2024-03-01T19:43:35.511+09:00  INFO 5364 --- [    Test worker] p6spy                                    : #1709289815511 | took 0ms | statement | connection 4| url jdbc:h2:mem:460c0c4a-72e1-4f89-8ef2-3af003384844
alter table if exists order_item add constraint FKt4dc2r9nbvbujrljv3e23iibt foreign key (order_id) references orders
alter table if exists order_item add constraint FKt4dc2r9nbvbujrljv3e23iibt foreign key (order_id) references orders;
2024-03-01T19:43:35.511+09:00 DEBUG 5364 --- [    Test worker] org.hibernate.SQL                        : alter table if exists orders add constraint FKtkrur7wg4d8ax0pwgo0vmy20c foreign key (delivery_id) references delivery
2024-03-01T19:43:35.511+09:00  INFO 5364 --- [    Test worker] p6spy                                    : #1709289815511 | took 0ms | statement | connection 4| url jdbc:h2:mem:460c0c4a-72e1-4f89-8ef2-3af003384844
alter table if exists orders add constraint FKtkrur7wg4d8ax0pwgo0vmy20c foreign key (delivery_id) references delivery
alter table if exists orders add constraint FKtkrur7wg4d8ax0pwgo0vmy20c foreign key (delivery_id) references delivery;
2024-03-01T19:43:35.511+09:00 DEBUG 5364 --- [    Test worker] org.hibernate.SQL                        : alter table if exists orders add constraint FKpktxwhj3x9m4gth5ff6bkqgeb foreign key (member_id) references member
2024-03-01T19:43:35.512+09:00  INFO 5364 --- [    Test worker] p6spy                                    : #1709289815512 | took 0ms | statement | connection 4| url jdbc:h2:mem:460c0c4a-72e1-4f89-8ef2-3af003384844
alter table if exists orders add constraint FKpktxwhj3x9m4gth5ff6bkqgeb foreign key (member_id) references member
alter table if exists orders add constraint FKpktxwhj3x9m4gth5ff6bkqgeb foreign key (member_id) references member;
2024-03-01T19:43:35.514+09:00 TRACE 5364 --- [    Test worker] o.h.type.spi.TypeConfiguration$Scope     : Handling #sessionFactoryCreated from [org.hibernate.internal.SessionFactoryImpl@227c0cf7] for TypeConfiguration
2024-03-01T19:43:35.515+09:00  INFO 5364 --- [    Test worker] j.LocalContainerEntityManagerFactoryBean : Initialized JPA EntityManagerFactory for persistence unit 'default'
2024-03-01T19:43:35.637+09:00 DEBUG 5364 --- [    Test worker] org.hibernate.SQL                        : select next value for member_seq
2024-03-01T19:43:35.639+09:00  INFO 5364 --- [    Test worker] p6spy                                    : #1709289815639 | took 1ms | statement | connection 5| url jdbc:h2:mem:460c0c4a-72e1-4f89-8ef2-3af003384844
select next value for member_seq
select next value for member_seq;
2024-03-01T19:43:35.655+09:00 DEBUG 5364 --- [    Test worker] org.hibernate.SQL                        : select next value for item_seq
2024-03-01T19:43:35.656+09:00  INFO 5364 --- [    Test worker] p6spy                                    : #1709289815656 | took 0ms | statement | connection 5| url jdbc:h2:mem:460c0c4a-72e1-4f89-8ef2-3af003384844
select next value for item_seq
select next value for item_seq;
2024-03-01T19:43:35.657+09:00 DEBUG 5364 --- [    Test worker] org.hibernate.SQL                        : select next value for item_seq
2024-03-01T19:43:35.657+09:00  INFO 5364 --- [    Test worker] p6spy                                    : #1709289815657 | took 0ms | statement | connection 5| url jdbc:h2:mem:460c0c4a-72e1-4f89-8ef2-3af003384844
select next value for item_seq
select next value for item_seq;
2024-03-01T19:43:35.657+09:00 DEBUG 5364 --- [    Test worker] org.hibernate.SQL                        : select next value for orders_seq
2024-03-01T19:43:35.658+09:00  INFO 5364 --- [    Test worker] p6spy                                    : #1709289815658 | took 0ms | statement | connection 5| url jdbc:h2:mem:460c0c4a-72e1-4f89-8ef2-3af003384844
select next value for orders_seq
select next value for orders_seq;
2024-03-01T19:43:35.658+09:00 DEBUG 5364 --- [    Test worker] org.hibernate.SQL                        : select next value for delivery_seq
2024-03-01T19:43:35.659+09:00  INFO 5364 --- [    Test worker] p6spy                                    : #1709289815659 | took 0ms | statement | connection 5| url jdbc:h2:mem:460c0c4a-72e1-4f89-8ef2-3af003384844
select next value for delivery_seq
select next value for delivery_seq;
2024-03-01T19:43:35.660+09:00 DEBUG 5364 --- [    Test worker] org.hibernate.SQL                        : select next value for order_item_seq
2024-03-01T19:43:35.660+09:00  INFO 5364 --- [    Test worker] p6spy                                    : #1709289815660 | took 0ms | statement | connection 5| url jdbc:h2:mem:460c0c4a-72e1-4f89-8ef2-3af003384844
select next value for order_item_seq
select next value for order_item_seq;
2024-03-01T19:43:35.660+09:00 DEBUG 5364 --- [    Test worker] org.hibernate.SQL                        : select next value for order_item_seq
2024-03-01T19:43:35.661+09:00  INFO 5364 --- [    Test worker] p6spy                                    : #1709289815661 | took 0ms | statement | connection 5| url jdbc:h2:mem:460c0c4a-72e1-4f89-8ef2-3af003384844
select next value for order_item_seq
select next value for order_item_seq;
2024-03-01T19:43:35.688+09:00 DEBUG 5364 --- [    Test worker] org.hibernate.SQL                        : insert into member (city,street,zipcode,name,member_id) values (?,?,?,?,?)
2024-03-01T19:43:35.690+09:00 TRACE 5364 --- [    Test worker] org.hibernate.orm.jdbc.bind              : binding parameter (1:VARCHAR) <- []
2024-03-01T19:43:35.690+09:00 TRACE 5364 --- [    Test worker] org.hibernate.orm.jdbc.bind              : binding parameter (2:VARCHAR) <- [1]
2024-03-01T19:43:35.690+09:00 TRACE 5364 --- [    Test worker] org.hibernate.orm.jdbc.bind              : binding parameter (3:VARCHAR) <- [1111]
2024-03-01T19:43:35.690+09:00 TRACE 5364 --- [    Test worker] org.hibernate.orm.jdbc.bind              : binding parameter (4:VARCHAR) <- [userA]
2024-03-01T19:43:35.690+09:00 TRACE 5364 --- [    Test worker] org.hibernate.orm.jdbc.bind              : binding parameter (5:BIGINT) <- [1]
2024-03-01T19:43:35.691+09:00  INFO 5364 --- [    Test worker] p6spy                                    : #1709289815691 | took 0ms | statement | connection 5| url jdbc:h2:mem:460c0c4a-72e1-4f89-8ef2-3af003384844
insert into member (city,street,zipcode,name,member_id) values (?,?,?,?,?)
insert into member (city,street,zipcode,name,member_id) values ('','1','1111','userA',1);
2024-03-01T19:43:35.695+09:00 DEBUG 5364 --- [    Test worker] org.hibernate.SQL                        : insert into item (name,price,stock_quantity,author,isbn,dtype,item_id) values (?,?,?,?,?,'B',?)
2024-03-01T19:43:35.695+09:00 TRACE 5364 --- [    Test worker] org.hibernate.orm.jdbc.bind              : binding parameter (1:VARCHAR) <- [JPA1 BOOK]
2024-03-01T19:43:35.695+09:00 TRACE 5364 --- [    Test worker] org.hibernate.orm.jdbc.bind              : binding parameter (2:INTEGER) <- [10000]
2024-03-01T19:43:35.696+09:00 TRACE 5364 --- [    Test worker] org.hibernate.orm.jdbc.bind              : binding parameter (3:INTEGER) <- [100]
2024-03-01T19:43:35.696+09:00 TRACE 5364 --- [    Test worker] org.hibernate.orm.jdbc.bind              : binding parameter (4:VARCHAR) <- [null]
2024-03-01T19:43:35.696+09:00 TRACE 5364 --- [    Test worker] org.hibernate.orm.jdbc.bind              : binding parameter (5:VARCHAR) <- [null]
2024-03-01T19:43:35.696+09:00 TRACE 5364 --- [    Test worker] org.hibernate.orm.jdbc.bind              : binding parameter (6:BIGINT) <- [1]
2024-03-01T19:43:35.696+09:00  INFO 5364 --- [    Test worker] p6spy                                    : #1709289815696 | took 0ms | statement | connection 5| url jdbc:h2:mem:460c0c4a-72e1-4f89-8ef2-3af003384844
insert into item (name,price,stock_quantity,author,isbn,dtype,item_id) values (?,?,?,?,?,'B',?)
insert into item (name,price,stock_quantity,author,isbn,dtype,item_id) values ('JPA1 BOOK',10000,100,NULL,NULL,'B',1);
2024-03-01T19:43:35.696+09:00 DEBUG 5364 --- [    Test worker] org.hibernate.SQL                        : insert into item (name,price,stock_quantity,author,isbn,dtype,item_id) values (?,?,?,?,?,'B',?)
2024-03-01T19:43:35.696+09:00 TRACE 5364 --- [    Test worker] org.hibernate.orm.jdbc.bind              : binding parameter (1:VARCHAR) <- [JPA2 BOOK]
2024-03-01T19:43:35.697+09:00 TRACE 5364 --- [    Test worker] org.hibernate.orm.jdbc.bind              : binding parameter (2:INTEGER) <- [20000]
2024-03-01T19:43:35.697+09:00 TRACE 5364 --- [    Test worker] org.hibernate.orm.jdbc.bind              : binding parameter (3:INTEGER) <- [100]
2024-03-01T19:43:35.697+09:00 TRACE 5364 --- [    Test worker] org.hibernate.orm.jdbc.bind              : binding parameter (4:VARCHAR) <- [null]
2024-03-01T19:43:35.697+09:00 TRACE 5364 --- [    Test worker] org.hibernate.orm.jdbc.bind              : binding parameter (5:VARCHAR) <- [null]
2024-03-01T19:43:35.697+09:00 TRACE 5364 --- [    Test worker] org.hibernate.orm.jdbc.bind              : binding parameter (6:BIGINT) <- [2]
2024-03-01T19:43:35.697+09:00  INFO 5364 --- [    Test worker] p6spy                                    : #1709289815697 | took 0ms | statement | connection 5| url jdbc:h2:mem:460c0c4a-72e1-4f89-8ef2-3af003384844
insert into item (name,price,stock_quantity,author,isbn,dtype,item_id) values (?,?,?,?,?,'B',?)
insert into item (name,price,stock_quantity,author,isbn,dtype,item_id) values ('JPA2 BOOK',20000,100,NULL,NULL,'B',2);
2024-03-01T19:43:35.698+09:00 DEBUG 5364 --- [    Test worker] org.hibernate.SQL                        : insert into delivery (city,street,zipcode,status,delivery_id) values (?,?,?,?,?)
2024-03-01T19:43:35.698+09:00 TRACE 5364 --- [    Test worker] org.hibernate.orm.jdbc.bind              : binding parameter (1:VARCHAR) <- []
2024-03-01T19:43:35.698+09:00 TRACE 5364 --- [    Test worker] org.hibernate.orm.jdbc.bind              : binding parameter (2:VARCHAR) <- [1]
2024-03-01T19:43:35.698+09:00 TRACE 5364 --- [    Test worker] org.hibernate.orm.jdbc.bind              : binding parameter (3:VARCHAR) <- [1111]
2024-03-01T19:43:35.699+09:00 TRACE 5364 --- [    Test worker] org.hibernate.orm.jdbc.bind              : binding parameter (4:VARCHAR) <- [null]
2024-03-01T19:43:35.699+09:00 TRACE 5364 --- [    Test worker] org.hibernate.orm.jdbc.bind              : binding parameter (5:BIGINT) <- [1]
2024-03-01T19:43:35.699+09:00  INFO 5364 --- [    Test worker] p6spy                                    : #1709289815699 | took 0ms | statement | connection 5| url jdbc:h2:mem:460c0c4a-72e1-4f89-8ef2-3af003384844
insert into delivery (city,street,zipcode,status,delivery_id) values (?,?,?,?,?)
insert into delivery (city,street,zipcode,status,delivery_id) values ('','1','1111',NULL,1);
2024-03-01T19:43:35.700+09:00 DEBUG 5364 --- [    Test worker] org.hibernate.SQL                        : insert into orders (delivery_id,member_id,order_date,status,order_id) values (?,?,?,?,?)
2024-03-01T19:43:35.701+09:00 TRACE 5364 --- [    Test worker] org.hibernate.orm.jdbc.bind              : binding parameter (1:BIGINT) <- [1]
2024-03-01T19:43:35.701+09:00 TRACE 5364 --- [    Test worker] org.hibernate.orm.jdbc.bind              : binding parameter (2:BIGINT) <- [1]
2024-03-01T19:43:35.701+09:00 TRACE 5364 --- [    Test worker] org.hibernate.orm.jdbc.bind              : binding parameter (3:TIMESTAMP) <- [2024-03-01T19:43:35.657726100]
2024-03-01T19:43:35.701+09:00 TRACE 5364 --- [    Test worker] org.hibernate.orm.jdbc.bind              : binding parameter (4:VARCHAR) <- [ORDER]
2024-03-01T19:43:35.701+09:00 TRACE 5364 --- [    Test worker] org.hibernate.orm.jdbc.bind              : binding parameter (5:BIGINT) <- [1]
2024-03-01T19:43:35.702+09:00  INFO 5364 --- [    Test worker] p6spy                                    : #1709289815702 | took 0ms | statement | connection 5| url jdbc:h2:mem:460c0c4a-72e1-4f89-8ef2-3af003384844
insert into orders (delivery_id,member_id,order_date,status,order_id) values (?,?,?,?,?)
insert into orders (delivery_id,member_id,order_date,status,order_id) values (1,1,'2024-03-01T19:43:35.657+0900','ORDER',1);
2024-03-01T19:43:35.704+09:00 DEBUG 5364 --- [    Test worker] org.hibernate.SQL                        : insert into order_item (count,item_id,order_id,order_price,order_item_id) values (?,?,?,?,?)
2024-03-01T19:43:35.704+09:00 TRACE 5364 --- [    Test worker] org.hibernate.orm.jdbc.bind              : binding parameter (1:INTEGER) <- [1]
2024-03-01T19:43:35.704+09:00 TRACE 5364 --- [    Test worker] org.hibernate.orm.jdbc.bind              : binding parameter (2:BIGINT) <- [1]
2024-03-01T19:43:35.704+09:00 TRACE 5364 --- [    Test worker] org.hibernate.orm.jdbc.bind              : binding parameter (3:BIGINT) <- [1]
2024-03-01T19:43:35.704+09:00 TRACE 5364 --- [    Test worker] org.hibernate.orm.jdbc.bind              : binding parameter (4:INTEGER) <- [10000]
2024-03-01T19:43:35.704+09:00 TRACE 5364 --- [    Test worker] org.hibernate.orm.jdbc.bind              : binding parameter (5:BIGINT) <- [1]
2024-03-01T19:43:35.704+09:00  INFO 5364 --- [    Test worker] p6spy                                    : #1709289815704 | took 0ms | statement | connection 5| url jdbc:h2:mem:460c0c4a-72e1-4f89-8ef2-3af003384844
insert into order_item (count,item_id,order_id,order_price,order_item_id) values (?,?,?,?,?)
insert into order_item (count,item_id,order_id,order_price,order_item_id) values (1,1,1,10000,1);
2024-03-01T19:43:35.704+09:00 DEBUG 5364 --- [    Test worker] org.hibernate.SQL                        : insert into order_item (count,item_id,order_id,order_price,order_item_id) values (?,?,?,?,?)
2024-03-01T19:43:35.705+09:00 TRACE 5364 --- [    Test worker] org.hibernate.orm.jdbc.bind              : binding parameter (1:INTEGER) <- [2]
2024-03-01T19:43:35.705+09:00 TRACE 5364 --- [    Test worker] org.hibernate.orm.jdbc.bind              : binding parameter (2:BIGINT) <- [2]
2024-03-01T19:43:35.705+09:00 TRACE 5364 --- [    Test worker] org.hibernate.orm.jdbc.bind              : binding parameter (3:BIGINT) <- [1]
2024-03-01T19:43:35.705+09:00 TRACE 5364 --- [    Test worker] org.hibernate.orm.jdbc.bind              : binding parameter (4:INTEGER) <- [20000]
2024-03-01T19:43:35.705+09:00 TRACE 5364 --- [    Test worker] org.hibernate.orm.jdbc.bind              : binding parameter (5:BIGINT) <- [2]
2024-03-01T19:43:35.705+09:00  INFO 5364 --- [    Test worker] p6spy                                    : #1709289815705 | took 0ms | statement | connection 5| url jdbc:h2:mem:460c0c4a-72e1-4f89-8ef2-3af003384844
insert into order_item (count,item_id,order_id,order_price,order_item_id) values (?,?,?,?,?)
insert into order_item (count,item_id,order_id,order_price,order_item_id) values (2,2,1,20000,2);
2024-03-01T19:43:35.708+09:00 DEBUG 5364 --- [    Test worker] org.hibernate.SQL                        : update item set name=?,price=?,stock_quantity=?,author=?,isbn=? where item_id=?
2024-03-01T19:43:35.709+09:00 TRACE 5364 --- [    Test worker] org.hibernate.orm.jdbc.bind              : binding parameter (1:VARCHAR) <- [JPA1 BOOK]
2024-03-01T19:43:35.709+09:00 TRACE 5364 --- [    Test worker] org.hibernate.orm.jdbc.bind              : binding parameter (2:INTEGER) <- [10000]
2024-03-01T19:43:35.709+09:00 TRACE 5364 --- [    Test worker] org.hibernate.orm.jdbc.bind              : binding parameter (3:INTEGER) <- [99]
2024-03-01T19:43:35.709+09:00 TRACE 5364 --- [    Test worker] org.hibernate.orm.jdbc.bind              : binding parameter (4:VARCHAR) <- [null]
2024-03-01T19:43:35.709+09:00 TRACE 5364 --- [    Test worker] org.hibernate.orm.jdbc.bind              : binding parameter (5:VARCHAR) <- [null]
2024-03-01T19:43:35.709+09:00 TRACE 5364 --- [    Test worker] org.hibernate.orm.jdbc.bind              : binding parameter (6:BIGINT) <- [1]
2024-03-01T19:43:35.710+09:00  INFO 5364 --- [    Test worker] p6spy                                    : #1709289815710 | took 0ms | statement | connection 5| url jdbc:h2:mem:460c0c4a-72e1-4f89-8ef2-3af003384844
update item set name=?,price=?,stock_quantity=?,author=?,isbn=? where item_id=?
update item set name='JPA1 BOOK',price=10000,stock_quantity=99,author=NULL,isbn=NULL where item_id=1;
2024-03-01T19:43:35.711+09:00 DEBUG 5364 --- [    Test worker] org.hibernate.SQL                        : update item set name=?,price=?,stock_quantity=?,author=?,isbn=? where item_id=?
2024-03-01T19:43:35.711+09:00 TRACE 5364 --- [    Test worker] org.hibernate.orm.jdbc.bind              : binding parameter (1:VARCHAR) <- [JPA2 BOOK]
2024-03-01T19:43:35.711+09:00 TRACE 5364 --- [    Test worker] org.hibernate.orm.jdbc.bind              : binding parameter (2:INTEGER) <- [20000]
2024-03-01T19:43:35.711+09:00 TRACE 5364 --- [    Test worker] org.hibernate.orm.jdbc.bind              : binding parameter (3:INTEGER) <- [98]
2024-03-01T19:43:35.711+09:00 TRACE 5364 --- [    Test worker] org.hibernate.orm.jdbc.bind              : binding parameter (4:VARCHAR) <- [null]
2024-03-01T19:43:35.711+09:00 TRACE 5364 --- [    Test worker] org.hibernate.orm.jdbc.bind              : binding parameter (5:VARCHAR) <- [null]
2024-03-01T19:43:35.711+09:00 TRACE 5364 --- [    Test worker] org.hibernate.orm.jdbc.bind              : binding parameter (6:BIGINT) <- [2]
2024-03-01T19:43:35.711+09:00  INFO 5364 --- [    Test worker] p6spy                                    : #1709289815711 | took 0ms | statement | connection 5| url jdbc:h2:mem:460c0c4a-72e1-4f89-8ef2-3af003384844
update item set name=?,price=?,stock_quantity=?,author=?,isbn=? where item_id=?
update item set name='JPA2 BOOK',price=20000,stock_quantity=98,author=NULL,isbn=NULL where item_id=2;
2024-03-01T19:43:35.714+09:00  INFO 5364 --- [    Test worker] p6spy                                    : #1709289815714 | took 0ms | commit | connection 5| url jdbc:h2:mem:460c0c4a-72e1-4f89-8ef2-3af003384844

;
2024-03-01T19:43:35.716+09:00 DEBUG 5364 --- [    Test worker] org.hibernate.SQL                        : select next value for member_seq
2024-03-01T19:43:35.716+09:00  INFO 5364 --- [    Test worker] p6spy                                    : #1709289815716 | took 0ms | statement | connection 6| url jdbc:h2:mem:460c0c4a-72e1-4f89-8ef2-3af003384844
select next value for member_seq
select next value for member_seq;
2024-03-01T19:43:35.717+09:00 DEBUG 5364 --- [    Test worker] org.hibernate.SQL                        : select next value for orders_seq
2024-03-01T19:43:35.717+09:00  INFO 5364 --- [    Test worker] p6spy                                    : #1709289815717 | took 0ms | statement | connection 6| url jdbc:h2:mem:460c0c4a-72e1-4f89-8ef2-3af003384844
select next value for orders_seq
select next value for orders_seq;
2024-03-01T19:43:35.717+09:00 DEBUG 5364 --- [    Test worker] org.hibernate.SQL                        : select next value for delivery_seq
2024-03-01T19:43:35.717+09:00  INFO 5364 --- [    Test worker] p6spy                                    : #1709289815717 | took 0ms | statement | connection 6| url jdbc:h2:mem:460c0c4a-72e1-4f89-8ef2-3af003384844
select next value for delivery_seq
select next value for delivery_seq;
2024-03-01T19:43:35.718+09:00 DEBUG 5364 --- [    Test worker] org.hibernate.SQL                        : insert into member (city,street,zipcode,name,member_id) values (?,?,?,?,?)
2024-03-01T19:43:35.718+09:00 TRACE 5364 --- [    Test worker] org.hibernate.orm.jdbc.bind              : binding parameter (1:VARCHAR) <- []
2024-03-01T19:43:35.718+09:00 TRACE 5364 --- [    Test worker] org.hibernate.orm.jdbc.bind              : binding parameter (2:VARCHAR) <- [2]
2024-03-01T19:43:35.718+09:00 TRACE 5364 --- [    Test worker] org.hibernate.orm.jdbc.bind              : binding parameter (3:VARCHAR) <- [2222]
2024-03-01T19:43:35.718+09:00 TRACE 5364 --- [    Test worker] org.hibernate.orm.jdbc.bind              : binding parameter (4:VARCHAR) <- [userB]
2024-03-01T19:43:35.718+09:00 TRACE 5364 --- [    Test worker] org.hibernate.orm.jdbc.bind              : binding parameter (5:BIGINT) <- [2]
2024-03-01T19:43:35.718+09:00  INFO 5364 --- [    Test worker] p6spy                                    : #1709289815718 | took 0ms | statement | connection 6| url jdbc:h2:mem:460c0c4a-72e1-4f89-8ef2-3af003384844
insert into member (city,street,zipcode,name,member_id) values (?,?,?,?,?)
insert into member (city,street,zipcode,name,member_id) values ('','2','2222','userB',2);
2024-03-01T19:43:35.719+09:00 DEBUG 5364 --- [    Test worker] org.hibernate.SQL                        : insert into item (name,price,stock_quantity,author,isbn,dtype,item_id) values (?,?,?,?,?,'B',?)
2024-03-01T19:43:35.719+09:00 TRACE 5364 --- [    Test worker] org.hibernate.orm.jdbc.bind              : binding parameter (1:VARCHAR) <- [SPRING1 BOOK]
2024-03-01T19:43:35.719+09:00 TRACE 5364 --- [    Test worker] org.hibernate.orm.jdbc.bind              : binding parameter (2:INTEGER) <- [20000]
2024-03-01T19:43:35.719+09:00 TRACE 5364 --- [    Test worker] org.hibernate.orm.jdbc.bind              : binding parameter (3:INTEGER) <- [200]
2024-03-01T19:43:35.719+09:00 TRACE 5364 --- [    Test worker] org.hibernate.orm.jdbc.bind              : binding parameter (4:VARCHAR) <- [null]
2024-03-01T19:43:35.719+09:00 TRACE 5364 --- [    Test worker] org.hibernate.orm.jdbc.bind              : binding parameter (5:VARCHAR) <- [null]
2024-03-01T19:43:35.719+09:00 TRACE 5364 --- [    Test worker] org.hibernate.orm.jdbc.bind              : binding parameter (6:BIGINT) <- [3]
2024-03-01T19:43:35.719+09:00  INFO 5364 --- [    Test worker] p6spy                                    : #1709289815719 | took 0ms | statement | connection 6| url jdbc:h2:mem:460c0c4a-72e1-4f89-8ef2-3af003384844
insert into item (name,price,stock_quantity,author,isbn,dtype,item_id) values (?,?,?,?,?,'B',?)
insert into item (name,price,stock_quantity,author,isbn,dtype,item_id) values ('SPRING1 BOOK',20000,200,NULL,NULL,'B',3);
2024-03-01T19:43:35.719+09:00 DEBUG 5364 --- [    Test worker] org.hibernate.SQL                        : insert into item (name,price,stock_quantity,author,isbn,dtype,item_id) values (?,?,?,?,?,'B',?)
2024-03-01T19:43:35.719+09:00 TRACE 5364 --- [    Test worker] org.hibernate.orm.jdbc.bind              : binding parameter (1:VARCHAR) <- [SPRING2 BOOK]
2024-03-01T19:43:35.719+09:00 TRACE 5364 --- [    Test worker] org.hibernate.orm.jdbc.bind              : binding parameter (2:INTEGER) <- [40000]
2024-03-01T19:43:35.719+09:00 TRACE 5364 --- [    Test worker] org.hibernate.orm.jdbc.bind              : binding parameter (3:INTEGER) <- [300]
2024-03-01T19:43:35.719+09:00 TRACE 5364 --- [    Test worker] org.hibernate.orm.jdbc.bind              : binding parameter (4:VARCHAR) <- [null]
2024-03-01T19:43:35.719+09:00 TRACE 5364 --- [    Test worker] org.hibernate.orm.jdbc.bind              : binding parameter (5:VARCHAR) <- [null]
2024-03-01T19:43:35.719+09:00 TRACE 5364 --- [    Test worker] org.hibernate.orm.jdbc.bind              : binding parameter (6:BIGINT) <- [4]
2024-03-01T19:43:35.720+09:00  INFO 5364 --- [    Test worker] p6spy                                    : #1709289815720 | took 0ms | statement | connection 6| url jdbc:h2:mem:460c0c4a-72e1-4f89-8ef2-3af003384844
insert into item (name,price,stock_quantity,author,isbn,dtype,item_id) values (?,?,?,?,?,'B',?)
insert into item (name,price,stock_quantity,author,isbn,dtype,item_id) values ('SPRING2 BOOK',40000,300,NULL,NULL,'B',4);
2024-03-01T19:43:35.720+09:00 DEBUG 5364 --- [    Test worker] org.hibernate.SQL                        : insert into delivery (city,street,zipcode,status,delivery_id) values (?,?,?,?,?)
2024-03-01T19:43:35.720+09:00 TRACE 5364 --- [    Test worker] org.hibernate.orm.jdbc.bind              : binding parameter (1:VARCHAR) <- []
2024-03-01T19:43:35.720+09:00 TRACE 5364 --- [    Test worker] org.hibernate.orm.jdbc.bind              : binding parameter (2:VARCHAR) <- [2]
2024-03-01T19:43:35.720+09:00 TRACE 5364 --- [    Test worker] org.hibernate.orm.jdbc.bind              : binding parameter (3:VARCHAR) <- [2222]
2024-03-01T19:43:35.720+09:00 TRACE 5364 --- [    Test worker] org.hibernate.orm.jdbc.bind              : binding parameter (4:VARCHAR) <- [null]
2024-03-01T19:43:35.720+09:00 TRACE 5364 --- [    Test worker] org.hibernate.orm.jdbc.bind              : binding parameter (5:BIGINT) <- [2]
2024-03-01T19:43:35.720+09:00  INFO 5364 --- [    Test worker] p6spy                                    : #1709289815720 | took 0ms | statement | connection 6| url jdbc:h2:mem:460c0c4a-72e1-4f89-8ef2-3af003384844
insert into delivery (city,street,zipcode,status,delivery_id) values (?,?,?,?,?)
insert into delivery (city,street,zipcode,status,delivery_id) values ('','2','2222',NULL,2);
2024-03-01T19:43:35.720+09:00 DEBUG 5364 --- [    Test worker] org.hibernate.SQL                        : insert into orders (delivery_id,member_id,order_date,status,order_id) values (?,?,?,?,?)
2024-03-01T19:43:35.720+09:00 TRACE 5364 --- [    Test worker] org.hibernate.orm.jdbc.bind              : binding parameter (1:BIGINT) <- [2]
2024-03-01T19:43:35.720+09:00 TRACE 5364 --- [    Test worker] org.hibernate.orm.jdbc.bind              : binding parameter (2:BIGINT) <- [2]
2024-03-01T19:43:35.720+09:00 TRACE 5364 --- [    Test worker] org.hibernate.orm.jdbc.bind              : binding parameter (3:TIMESTAMP) <- [2024-03-01T19:43:35.717779500]
2024-03-01T19:43:35.720+09:00 TRACE 5364 --- [    Test worker] org.hibernate.orm.jdbc.bind              : binding parameter (4:VARCHAR) <- [ORDER]
2024-03-01T19:43:35.721+09:00 TRACE 5364 --- [    Test worker] org.hibernate.orm.jdbc.bind              : binding parameter (5:BIGINT) <- [2]
2024-03-01T19:43:35.721+09:00  INFO 5364 --- [    Test worker] p6spy                                    : #1709289815721 | took 0ms | statement | connection 6| url jdbc:h2:mem:460c0c4a-72e1-4f89-8ef2-3af003384844
insert into orders (delivery_id,member_id,order_date,status,order_id) values (?,?,?,?,?)
insert into orders (delivery_id,member_id,order_date,status,order_id) values (2,2,'2024-03-01T19:43:35.717+0900','ORDER',2);
2024-03-01T19:43:35.721+09:00 DEBUG 5364 --- [    Test worker] org.hibernate.SQL                        : insert into order_item (count,item_id,order_id,order_price,order_item_id) values (?,?,?,?,?)
2024-03-01T19:43:35.721+09:00 TRACE 5364 --- [    Test worker] org.hibernate.orm.jdbc.bind              : binding parameter (1:INTEGER) <- [3]
2024-03-01T19:43:35.721+09:00 TRACE 5364 --- [    Test worker] org.hibernate.orm.jdbc.bind              : binding parameter (2:BIGINT) <- [3]
2024-03-01T19:43:35.721+09:00 TRACE 5364 --- [    Test worker] org.hibernate.orm.jdbc.bind              : binding parameter (3:BIGINT) <- [2]
2024-03-01T19:43:35.721+09:00 TRACE 5364 --- [    Test worker] org.hibernate.orm.jdbc.bind              : binding parameter (4:INTEGER) <- [20000]
2024-03-01T19:43:35.721+09:00 TRACE 5364 --- [    Test worker] org.hibernate.orm.jdbc.bind              : binding parameter (5:BIGINT) <- [3]
2024-03-01T19:43:35.721+09:00  INFO 5364 --- [    Test worker] p6spy                                    : #1709289815721 | took 0ms | statement | connection 6| url jdbc:h2:mem:460c0c4a-72e1-4f89-8ef2-3af003384844
insert into order_item (count,item_id,order_id,order_price,order_item_id) values (?,?,?,?,?)
insert into order_item (count,item_id,order_id,order_price,order_item_id) values (3,3,2,20000,3);
2024-03-01T19:43:35.722+09:00 DEBUG 5364 --- [    Test worker] org.hibernate.SQL                        : insert into order_item (count,item_id,order_id,order_price,order_item_id) values (?,?,?,?,?)
2024-03-01T19:43:35.722+09:00 TRACE 5364 --- [    Test worker] org.hibernate.orm.jdbc.bind              : binding parameter (1:INTEGER) <- [4]
2024-03-01T19:43:35.722+09:00 TRACE 5364 --- [    Test worker] org.hibernate.orm.jdbc.bind              : binding parameter (2:BIGINT) <- [4]
2024-03-01T19:43:35.722+09:00 TRACE 5364 --- [    Test worker] org.hibernate.orm.jdbc.bind              : binding parameter (3:BIGINT) <- [2]
2024-03-01T19:43:35.722+09:00 TRACE 5364 --- [    Test worker] org.hibernate.orm.jdbc.bind              : binding parameter (4:INTEGER) <- [40000]
2024-03-01T19:43:35.722+09:00 TRACE 5364 --- [    Test worker] org.hibernate.orm.jdbc.bind              : binding parameter (5:BIGINT) <- [4]
2024-03-01T19:43:35.722+09:00  INFO 5364 --- [    Test worker] p6spy                                    : #1709289815722 | took 0ms | statement | connection 6| url jdbc:h2:mem:460c0c4a-72e1-4f89-8ef2-3af003384844
insert into order_item (count,item_id,order_id,order_price,order_item_id) values (?,?,?,?,?)
insert into order_item (count,item_id,order_id,order_price,order_item_id) values (4,4,2,40000,4);
2024-03-01T19:43:35.722+09:00 DEBUG 5364 --- [    Test worker] org.hibernate.SQL                        : update item set name=?,price=?,stock_quantity=?,author=?,isbn=? where item_id=?
2024-03-01T19:43:35.722+09:00 TRACE 5364 --- [    Test worker] org.hibernate.orm.jdbc.bind              : binding parameter (1:VARCHAR) <- [SPRING1 BOOK]
2024-03-01T19:43:35.722+09:00 TRACE 5364 --- [    Test worker] org.hibernate.orm.jdbc.bind              : binding parameter (2:INTEGER) <- [20000]
2024-03-01T19:43:35.722+09:00 TRACE 5364 --- [    Test worker] org.hibernate.orm.jdbc.bind              : binding parameter (3:INTEGER) <- [197]
2024-03-01T19:43:35.722+09:00 TRACE 5364 --- [    Test worker] org.hibernate.orm.jdbc.bind              : binding parameter (4:VARCHAR) <- [null]
2024-03-01T19:43:35.722+09:00 TRACE 5364 --- [    Test worker] org.hibernate.orm.jdbc.bind              : binding parameter (5:VARCHAR) <- [null]
2024-03-01T19:43:35.723+09:00 TRACE 5364 --- [    Test worker] org.hibernate.orm.jdbc.bind              : binding parameter (6:BIGINT) <- [3]
2024-03-01T19:43:35.723+09:00  INFO 5364 --- [    Test worker] p6spy                                    : #1709289815723 | took 0ms | statement | connection 6| url jdbc:h2:mem:460c0c4a-72e1-4f89-8ef2-3af003384844
update item set name=?,price=?,stock_quantity=?,author=?,isbn=? where item_id=?
update item set name='SPRING1 BOOK',price=20000,stock_quantity=197,author=NULL,isbn=NULL where item_id=3;
2024-03-01T19:43:35.723+09:00 DEBUG 5364 --- [    Test worker] org.hibernate.SQL                        : update item set name=?,price=?,stock_quantity=?,author=?,isbn=? where item_id=?
2024-03-01T19:43:35.723+09:00 TRACE 5364 --- [    Test worker] org.hibernate.orm.jdbc.bind              : binding parameter (1:VARCHAR) <- [SPRING2 BOOK]
2024-03-01T19:43:35.723+09:00 TRACE 5364 --- [    Test worker] org.hibernate.orm.jdbc.bind              : binding parameter (2:INTEGER) <- [40000]
2024-03-01T19:43:35.723+09:00 TRACE 5364 --- [    Test worker] org.hibernate.orm.jdbc.bind              : binding parameter (3:INTEGER) <- [296]
2024-03-01T19:43:35.723+09:00 TRACE 5364 --- [    Test worker] org.hibernate.orm.jdbc.bind              : binding parameter (4:VARCHAR) <- [null]
2024-03-01T19:43:35.723+09:00 TRACE 5364 --- [    Test worker] org.hibernate.orm.jdbc.bind              : binding parameter (5:VARCHAR) <- [null]
2024-03-01T19:43:35.723+09:00 TRACE 5364 --- [    Test worker] org.hibernate.orm.jdbc.bind              : binding parameter (6:BIGINT) <- [4]
2024-03-01T19:43:35.723+09:00  INFO 5364 --- [    Test worker] p6spy                                    : #1709289815723 | took 0ms | statement | connection 6| url jdbc:h2:mem:460c0c4a-72e1-4f89-8ef2-3af003384844
update item set name=?,price=?,stock_quantity=?,author=?,isbn=? where item_id=?
update item set name='SPRING2 BOOK',price=40000,stock_quantity=296,author=NULL,isbn=NULL where item_id=4;
2024-03-01T19:43:35.724+09:00  INFO 5364 --- [    Test worker] p6spy                                    : #1709289815724 | took 0ms | commit | connection 6| url jdbc:h2:mem:460c0c4a-72e1-4f89-8ef2-3af003384844

;
2024-03-01T19:43:35.815+09:00  WARN 5364 --- [    Test worker] JpaBaseConfiguration$JpaWebConfiguration : spring.jpa.open-in-view is enabled by default. Therefore, database queries may be performed during view rendering. Explicitly configure spring.jpa.open-in-view to disable this warning
2024-03-01T19:43:35.873+09:00  WARN 5364 --- [    Test worker] o.s.w.c.s.GenericWebApplicationContext   : Exception encountered during context initialization - cancelling refresh attempt: org.springframework.beans.factory.BeanCreationException: Error creating bean with name 'requestMappingHandlerMapping' defined in class path resource [org/springframework/boot/autoconfigure/web/servlet/WebMvcAutoConfiguration$EnableWebMvcConfiguration.class]: Ambiguous mapping. Cannot map 'orderApiController' method 
jpabook.jpashop.api.OrderApiController#ordersV2()
to {GET [/api/v2/orders]}: There is already 'orderApiController' bean method
jpabook.jpashop.api.OrderApiController#ordersV3() mapped.
2024-03-01T19:43:35.874+09:00  INFO 5364 --- [    Test worker] j.LocalContainerEntityManagerFactoryBean : Closing JPA EntityManagerFactory for persistence unit 'default'
2024-03-01T19:43:35.875+09:00 DEBUG 5364 --- [    Test worker] org.hibernate.SQL                        : drop table if exists category cascade 
2024-03-01T19:43:35.876+09:00  INFO 5364 --- [    Test worker] p6spy                                    : #1709289815876 | took 1ms | statement | connection 7| url jdbc:h2:mem:460c0c4a-72e1-4f89-8ef2-3af003384844
drop table if exists category cascade 
drop table if exists category cascade ;
2024-03-01T19:43:35.876+09:00 DEBUG 5364 --- [    Test worker] org.hibernate.SQL                        : drop table if exists category_item cascade 
2024-03-01T19:43:35.876+09:00  INFO 5364 --- [    Test worker] p6spy                                    : #1709289815876 | took 0ms | statement | connection 7| url jdbc:h2:mem:460c0c4a-72e1-4f89-8ef2-3af003384844
drop table if exists category_item cascade 
drop table if exists category_item cascade ;
2024-03-01T19:43:35.876+09:00 DEBUG 5364 --- [    Test worker] org.hibernate.SQL                        : drop table if exists delivery cascade 
2024-03-01T19:43:35.877+09:00  INFO 5364 --- [    Test worker] p6spy                                    : #1709289815877 | took 0ms | statement | connection 7| url jdbc:h2:mem:460c0c4a-72e1-4f89-8ef2-3af003384844
drop table if exists delivery cascade 
drop table if exists delivery cascade ;
2024-03-01T19:43:35.877+09:00 DEBUG 5364 --- [    Test worker] org.hibernate.SQL                        : drop table if exists item cascade 
2024-03-01T19:43:35.877+09:00  INFO 5364 --- [    Test worker] p6spy                                    : #1709289815877 | took 0ms | statement | connection 7| url jdbc:h2:mem:460c0c4a-72e1-4f89-8ef2-3af003384844
drop table if exists item cascade 
drop table if exists item cascade ;
2024-03-01T19:43:35.877+09:00 DEBUG 5364 --- [    Test worker] org.hibernate.SQL                        : drop table if exists member cascade 
2024-03-01T19:43:35.878+09:00  INFO 5364 --- [    Test worker] p6spy                                    : #1709289815878 | took 0ms | statement | connection 7| url jdbc:h2:mem:460c0c4a-72e1-4f89-8ef2-3af003384844
drop table if exists member cascade 
drop table if exists member cascade ;
2024-03-01T19:43:35.878+09:00 DEBUG 5364 --- [    Test worker] org.hibernate.SQL                        : drop table if exists order_item cascade 
2024-03-01T19:43:35.878+09:00  INFO 5364 --- [    Test worker] p6spy                                    : #1709289815878 | took 0ms | statement | connection 7| url jdbc:h2:mem:460c0c4a-72e1-4f89-8ef2-3af003384844
drop table if exists order_item cascade 
drop table if exists order_item cascade ;
2024-03-01T19:43:35.878+09:00 DEBUG 5364 --- [    Test worker] org.hibernate.SQL                        : drop table if exists orders cascade 
2024-03-01T19:43:35.879+09:00  INFO 5364 --- [    Test worker] p6spy                                    : #1709289815879 | took 0ms | statement | connection 7| url jdbc:h2:mem:460c0c4a-72e1-4f89-8ef2-3af003384844
drop table if exists orders cascade 
drop table if exists orders cascade ;
2024-03-01T19:43:35.879+09:00 DEBUG 5364 --- [    Test worker] org.hibernate.SQL                        : drop sequence if exists category_seq
2024-03-01T19:43:35.879+09:00  INFO 5364 --- [    Test worker] p6spy                                    : #1709289815879 | took 0ms | statement | connection 7| url jdbc:h2:mem:460c0c4a-72e1-4f89-8ef2-3af003384844
drop sequence if exists category_seq
drop sequence if exists category_seq;
2024-03-01T19:43:35.879+09:00 DEBUG 5364 --- [    Test worker] org.hibernate.SQL                        : drop sequence if exists delivery_seq
2024-03-01T19:43:35.879+09:00  INFO 5364 --- [    Test worker] p6spy                                    : #1709289815879 | took 0ms | statement | connection 7| url jdbc:h2:mem:460c0c4a-72e1-4f89-8ef2-3af003384844
drop sequence if exists delivery_seq
drop sequence if exists delivery_seq;
2024-03-01T19:43:35.879+09:00 DEBUG 5364 --- [    Test worker] org.hibernate.SQL                        : drop sequence if exists item_seq
2024-03-01T19:43:35.879+09:00  INFO 5364 --- [    Test worker] p6spy                                    : #1709289815879 | took 0ms | statement | connection 7| url jdbc:h2:mem:460c0c4a-72e1-4f89-8ef2-3af003384844
drop sequence if exists item_seq
drop sequence if exists item_seq;
2024-03-01T19:43:35.879+09:00 DEBUG 5364 --- [    Test worker] org.hibernate.SQL                        : drop sequence if exists member_seq
2024-03-01T19:43:35.879+09:00  INFO 5364 --- [    Test worker] p6spy                                    : #1709289815879 | took 0ms | statement | connection 7| url jdbc:h2:mem:460c0c4a-72e1-4f89-8ef2-3af003384844
drop sequence if exists member_seq
drop sequence if exists member_seq;
2024-03-01T19:43:35.879+09:00 DEBUG 5364 --- [    Test worker] org.hibernate.SQL                        : drop sequence if exists order_item_seq
2024-03-01T19:43:35.880+09:00  INFO 5364 --- [    Test worker] p6spy                                    : #1709289815880 | took 0ms | statement | connection 7| url jdbc:h2:mem:460c0c4a-72e1-4f89-8ef2-3af003384844
drop sequence if exists order_item_seq
drop sequence if exists order_item_seq;
2024-03-01T19:43:35.880+09:00 DEBUG 5364 --- [    Test worker] org.hibernate.SQL                        : drop sequence if exists orders_seq
2024-03-01T19:43:35.880+09:00  INFO 5364 --- [    Test worker] p6spy                                    : #1709289815880 | took 0ms | statement | connection 7| url jdbc:h2:mem:460c0c4a-72e1-4f89-8ef2-3af003384844
drop sequence if exists orders_seq
drop sequence if exists orders_seq;
2024-03-01T19:43:35.880+09:00 TRACE 5364 --- [    Test worker] o.h.type.spi.TypeConfiguration$Scope     : Handling #sessionFactoryClosed from [org.hibernate.internal.SessionFactoryImpl@227c0cf7] for TypeConfiguration
2024-03-01T19:43:35.880+09:00 DEBUG 5364 --- [    Test worker] o.h.type.spi.TypeConfiguration$Scope     : Un-scoping TypeConfiguration [org.hibernate.type.spi.TypeConfiguration$Scope@1f41f259] from SessionFactory [org.hibernate.internal.SessionFactoryImpl@227c0cf7]
2024-03-01T19:43:35.882+09:00  INFO 5364 --- [    Test worker] com.zaxxer.hikari.HikariDataSource       : HikariPool-1 - Shutdown initiated...
2024-03-01T19:43:35.883+09:00  INFO 5364 --- [    Test worker] com.zaxxer.hikari.HikariDataSource       : HikariPool-1 - Shutdown completed.
2024-03-01T19:43:35.890+09:00  INFO 5364 --- [    Test worker] .s.b.a.l.ConditionEvaluationReportLogger : 

Error starting ApplicationContext. To display the condition evaluation report re-run your application with 'debug' enabled.
2024-03-01T19:43:35.902+09:00 ERROR 5364 --- [    Test worker] o.s.boot.SpringApplication               : Application run failed

org.springframework.beans.factory.BeanCreationException: Error creating bean with name 'requestMappingHandlerMapping' defined in class path resource [org/springframework/boot/autoconfigure/web/servlet/WebMvcAutoConfiguration$EnableWebMvcConfiguration.class]: Ambiguous mapping. Cannot map 'orderApiController' method 
jpabook.jpashop.api.OrderApiController#ordersV2()
to {GET [/api/v2/orders]}: There is already 'orderApiController' bean method
jpabook.jpashop.api.OrderApiController#ordersV3() mapped.
	at org.springframework.beans.factory.support.AbstractAutowireCapableBeanFactory.initializeBean(AbstractAutowireCapableBeanFactory.java:1775) ~[spring-beans-6.1.1.jar:6.1.1]
	at org.springframework.beans.factory.support.AbstractAutowireCapableBeanFactory.doCreateBean(AbstractAutowireCapableBeanFactory.java:601) ~[spring-beans-6.1.1.jar:6.1.1]
	at org.springframework.beans.factory.support.AbstractAutowireCapableBeanFactory.createBean(AbstractAutowireCapableBeanFactory.java:523) ~[spring-beans-6.1.1.jar:6.1.1]
	at org.springframework.beans.factory.support.AbstractBeanFactory.lambda$doGetBean$0(AbstractBeanFactory.java:325) ~[spring-beans-6.1.1.jar:6.1.1]
	at org.springframework.beans.factory.support.DefaultSingletonBeanRegistry.getSingleton(DefaultSingletonBeanRegistry.java:234) ~[spring-beans-6.1.1.jar:6.1.1]
	at org.springframework.beans.factory.support.AbstractBeanFactory.doGetBean(AbstractBeanFactory.java:323) ~[spring-beans-6.1.1.jar:6.1.1]
	at org.springframework.beans.factory.support.AbstractBeanFactory.getBean(AbstractBeanFactory.java:199) ~[spring-beans-6.1.1.jar:6.1.1]
	at org.springframework.beans.factory.support.DefaultListableBeanFactory.preInstantiateSingletons(DefaultListableBeanFactory.java:973) ~[spring-beans-6.1.1.jar:6.1.1]
	at org.springframework.context.support.AbstractApplicationContext.finishBeanFactoryInitialization(AbstractApplicationContext.java:946) ~[spring-context-6.1.1.jar:6.1.1]
	at org.springframework.context.support.AbstractApplicationContext.refresh(AbstractApplicationContext.java:616) ~[spring-context-6.1.1.jar:6.1.1]
	at org.springframework.boot.SpringApplication.refresh(SpringApplication.java:753) ~[spring-boot-3.2.0.jar:3.2.0]
	at org.springframework.boot.SpringApplication.refreshContext(SpringApplication.java:455) ~[spring-boot-3.2.0.jar:3.2.0]
	at org.springframework.boot.SpringApplication.run(SpringApplication.java:323) ~[spring-boot-3.2.0.jar:3.2.0]
	at org.springframework.boot.test.context.SpringBootContextLoader.lambda$loadContext$3(SpringBootContextLoader.java:137) ~[spring-boot-test-3.2.0.jar:3.2.0]
	at org.springframework.util.function.ThrowingSupplier.get(ThrowingSupplier.java:58) ~[spring-core-6.1.1.jar:6.1.1]
	at org.springframework.util.function.ThrowingSupplier.get(ThrowingSupplier.java:46) ~[spring-core-6.1.1.jar:6.1.1]
	at org.springframework.boot.SpringApplication.withHook(SpringApplication.java:1442) ~[spring-boot-3.2.0.jar:3.2.0]
	at org.springframework.boot.test.context.SpringBootContextLoader$ContextLoaderHook.run(SpringBootContextLoader.java:552) ~[spring-boot-test-3.2.0.jar:3.2.0]
	at org.springframework.boot.test.context.SpringBootContextLoader.loadContext(SpringBootContextLoader.java:137) ~[spring-boot-test-3.2.0.jar:3.2.0]
	at org.springframework.boot.test.context.SpringBootContextLoader.loadContext(SpringBootContextLoader.java:108) ~[spring-boot-test-3.2.0.jar:3.2.0]
	at org.springframework.test.context.cache.DefaultCacheAwareContextLoaderDelegate.loadContextInternal(DefaultCacheAwareContextLoaderDelegate.java:225) ~[spring-test-6.1.1.jar:6.1.1]
	at org.springframework.test.context.cache.DefaultCacheAwareContextLoaderDelegate.loadContext(DefaultCacheAwareContextLoaderDelegate.java:152) ~[spring-test-6.1.1.jar:6.1.1]
	at org.springframework.test.context.support.DefaultTestContext.getApplicationContext(DefaultTestContext.java:130) ~[spring-test-6.1.1.jar:6.1.1]
	at org.springframework.test.context.web.ServletTestExecutionListener.setUpRequestContextIfNecessary(ServletTestExecutionListener.java:191) ~[spring-test-6.1.1.jar:6.1.1]
	at org.springframework.test.context.web.ServletTestExecutionListener.prepareTestInstance(ServletTestExecutionListener.java:130) ~[spring-test-6.1.1.jar:6.1.1]
	at org.springframework.test.context.TestContextManager.prepareTestInstance(TestContextManager.java:247) ~[spring-test-6.1.1.jar:6.1.1]
	at org.springframework.test.context.junit.jupiter.SpringExtension.postProcessTestInstance(SpringExtension.java:163) ~[spring-test-6.1.1.jar:6.1.1]
	at org.junit.jupiter.engine.descriptor.ClassBasedTestDescriptor.lambda$invokeTestInstancePostProcessors$10(ClassBasedTestDescriptor.java:378) ~[junit-jupiter-engine-5.10.1.jar:5.10.1]
	at org.junit.jupiter.engine.descriptor.ClassBasedTestDescriptor.executeAndMaskThrowable(ClassBasedTestDescriptor.java:383) ~[junit-jupiter-engine-5.10.1.jar:5.10.1]
	at org.junit.jupiter.engine.descriptor.ClassBasedTestDescriptor.lambda$invokeTestInstancePostProcessors$11(ClassBasedTestDescriptor.java:378) ~[junit-jupiter-engine-5.10.1.jar:5.10.1]
	at java.base/java.util.stream.ReferencePipeline$3$1.accept(ReferencePipeline.java:197) ~[na:na]
	at java.base/java.util.stream.ReferencePipeline$2$1.accept(ReferencePipeline.java:179) ~[na:na]
	at java.base/java.util.ArrayList$ArrayListSpliterator.forEachRemaining(ArrayList.java:1625) ~[na:na]
	at java.base/java.util.stream.AbstractPipeline.copyInto(AbstractPipeline.java:509) ~[na:na]
	at java.base/java.util.stream.AbstractPipeline.wrapAndCopyInto(AbstractPipeline.java:499) ~[na:na]
	at java.base/java.util.stream.StreamSpliterators$WrappingSpliterator.forEachRemaining(StreamSpliterators.java:310) ~[na:na]
	at java.base/java.util.stream.Streams$ConcatSpliterator.forEachRemaining(Streams.java:735) ~[na:na]
	at java.base/java.util.stream.Streams$ConcatSpliterator.forEachRemaining(Streams.java:734) ~[na:na]
	at java.base/java.util.stream.ReferencePipeline$Head.forEach(ReferencePipeline.java:762) ~[na:na]
	at org.junit.jupiter.engine.descriptor.ClassBasedTestDescriptor.invokeTestInstancePostProcessors(ClassBasedTestDescriptor.java:377) ~[junit-jupiter-engine-5.10.1.jar:5.10.1]
	at org.junit.jupiter.engine.descriptor.ClassBasedTestDescriptor.lambda$instantiateAndPostProcessTestInstance$6(ClassBasedTestDescriptor.java:290) ~[junit-jupiter-engine-5.10.1.jar:5.10.1]
	at org.junit.platform.engine.support.hierarchical.ThrowableCollector.execute(ThrowableCollector.java:73) ~[junit-platform-engine-1.10.1.jar:1.10.1]
	at org.junit.jupiter.engine.descriptor.ClassBasedTestDescriptor.instantiateAndPostProcessTestInstance(ClassBasedTestDescriptor.java:289) ~[junit-jupiter-engine-5.10.1.jar:5.10.1]
	at org.junit.jupiter.engine.descriptor.ClassBasedTestDescriptor.lambda$testInstancesProvider$4(ClassBasedTestDescriptor.java:279) ~[junit-jupiter-engine-5.10.1.jar:5.10.1]
	at java.base/java.util.Optional.orElseGet(Optional.java:364) ~[na:na]
	at org.junit.jupiter.engine.descriptor.ClassBasedTestDescriptor.lambda$testInstancesProvider$5(ClassBasedTestDescriptor.java:278) ~[junit-jupiter-engine-5.10.1.jar:5.10.1]
	at org.junit.jupiter.engine.execution.TestInstancesProvider.getTestInstances(TestInstancesProvider.java:31) ~[junit-jupiter-engine-5.10.1.jar:5.10.1]
	at org.junit.jupiter.engine.descriptor.TestMethodTestDescriptor.lambda$prepare$0(TestMethodTestDescriptor.java:106) ~[junit-jupiter-engine-5.10.1.jar:5.10.1]
	at org.junit.platform.engine.support.hierarchical.ThrowableCollector.execute(ThrowableCollector.java:73) ~[junit-platform-engine-1.10.1.jar:1.10.1]
	at org.junit.jupiter.engine.descriptor.TestMethodTestDescriptor.prepare(TestMethodTestDescriptor.java:105) ~[junit-jupiter-engine-5.10.1.jar:5.10.1]
	at org.junit.jupiter.engine.descriptor.TestMethodTestDescriptor.prepare(TestMethodTestDescriptor.java:69) ~[junit-jupiter-engine-5.10.1.jar:5.10.1]
	at org.junit.platform.engine.support.hierarchical.NodeTestTask.lambda$prepare$2(NodeTestTask.java:123) ~[junit-platform-engine-1.10.1.jar:1.10.1]
	at org.junit.platform.engine.support.hierarchical.ThrowableCollector.execute(ThrowableCollector.java:73) ~[junit-platform-engine-1.10.1.jar:1.10.1]
	at org.junit.platform.engine.support.hierarchical.NodeTestTask.prepare(NodeTestTask.java:123) ~[junit-platform-engine-1.10.1.jar:1.10.1]
	at org.junit.platform.engine.support.hierarchical.NodeTestTask.execute(NodeTestTask.java:90) ~[junit-platform-engine-1.10.1.jar:1.10.1]
	at java.base/java.util.ArrayList.forEach(ArrayList.java:1511) ~[na:na]
	at org.junit.platform.engine.support.hierarchical.SameThreadHierarchicalTestExecutorService.invokeAll(SameThreadHierarchicalTestExecutorService.java:41) ~[junit-platform-engine-1.10.1.jar:1.10.1]
	at org.junit.platform.engine.support.hierarchical.NodeTestTask.lambda$executeRecursively$6(NodeTestTask.java:155) ~[junit-platform-engine-1.10.1.jar:1.10.1]
	at org.junit.platform.engine.support.hierarchical.ThrowableCollector.execute(ThrowableCollector.java:73) ~[junit-platform-engine-1.10.1.jar:1.10.1]
	at org.junit.platform.engine.support.hierarchical.NodeTestTask.lambda$executeRecursively$8(NodeTestTask.java:141) ~[junit-platform-engine-1.10.1.jar:1.10.1]
	at org.junit.platform.engine.support.hierarchical.Node.around(Node.java:137) ~[junit-platform-engine-1.10.1.jar:1.10.1]
	at org.junit.platform.engine.support.hierarchical.NodeTestTask.lambda$executeRecursively$9(NodeTestTask.java:139) ~[junit-platform-engine-1.10.1.jar:1.10.1]
	at org.junit.platform.engine.support.hierarchical.ThrowableCollector.execute(ThrowableCollector.java:73) ~[junit-platform-engine-1.10.1.jar:1.10.1]
	at org.junit.platform.engine.support.hierarchical.NodeTestTask.executeRecursively(NodeTestTask.java:138) ~[junit-platform-engine-1.10.1.jar:1.10.1]
	at org.junit.platform.engine.support.hierarchical.NodeTestTask.execute(NodeTestTask.java:95) ~[junit-platform-engine-1.10.1.jar:1.10.1]
	at java.base/java.util.ArrayList.forEach(ArrayList.java:1511) ~[na:na]
	at org.junit.platform.engine.support.hierarchical.SameThreadHierarchicalTestExecutorService.invokeAll(SameThreadHierarchicalTestExecutorService.java:41) ~[junit-platform-engine-1.10.1.jar:1.10.1]
	at org.junit.platform.engine.support.hierarchical.NodeTestTask.lambda$executeRecursively$6(NodeTestTask.java:155) ~[junit-platform-engine-1.10.1.jar:1.10.1]
	at org.junit.platform.engine.support.hierarchical.ThrowableCollector.execute(ThrowableCollector.java:73) ~[junit-platform-engine-1.10.1.jar:1.10.1]
	at org.junit.platform.engine.support.hierarchical.NodeTestTask.lambda$executeRecursively$8(NodeTestTask.java:141) ~[junit-platform-engine-1.10.1.jar:1.10.1]
	at org.junit.platform.engine.support.hierarchical.Node.around(Node.java:137) ~[junit-platform-engine-1.10.1.jar:1.10.1]
	at org.junit.platform.engine.support.hierarchical.NodeTestTask.lambda$executeRecursively$9(NodeTestTask.java:139) ~[junit-platform-engine-1.10.1.jar:1.10.1]
	at org.junit.platform.engine.support.hierarchical.ThrowableCollector.execute(ThrowableCollector.java:73) ~[junit-platform-engine-1.10.1.jar:1.10.1]
	at org.junit.platform.engine.support.hierarchical.NodeTestTask.executeRecursively(NodeTestTask.java:138) ~[junit-platform-engine-1.10.1.jar:1.10.1]
	at org.junit.platform.engine.support.hierarchical.NodeTestTask.execute(NodeTestTask.java:95) ~[junit-platform-engine-1.10.1.jar:1.10.1]
	at org.junit.platform.engine.support.hierarchical.SameThreadHierarchicalTestExecutorService.submit(SameThreadHierarchicalTestExecutorService.java:35) ~[junit-platform-engine-1.10.1.jar:1.10.1]
	at org.junit.platform.engine.support.hierarchical.HierarchicalTestExecutor.execute(HierarchicalTestExecutor.java:57) ~[junit-platform-engine-1.10.1.jar:1.10.1]
	at org.junit.platform.engine.support.hierarchical.HierarchicalTestEngine.execute(HierarchicalTestEngine.java:54) ~[junit-platform-engine-1.10.1.jar:1.10.1]
	at org.junit.platform.launcher.core.EngineExecutionOrchestrator.execute(EngineExecutionOrchestrator.java:107) ~[junit-platform-launcher-1.8.2.jar:1.8.2]
	at org.junit.platform.launcher.core.EngineExecutionOrchestrator.execute(EngineExecutionOrchestrator.java:88) ~[junit-platform-launcher-1.8.2.jar:1.8.2]
	at org.junit.platform.launcher.core.EngineExecutionOrchestrator.lambda$execute$0(EngineExecutionOrchestrator.java:54) ~[junit-platform-launcher-1.8.2.jar:1.8.2]
	at org.junit.platform.launcher.core.EngineExecutionOrchestrator.withInterceptedStreams(EngineExecutionOrchestrator.java:67) ~[junit-platform-launcher-1.8.2.jar:1.8.2]
	at org.junit.platform.launcher.core.EngineExecutionOrchestrator.execute(EngineExecutionOrchestrator.java:52) ~[junit-platform-launcher-1.8.2.jar:1.8.2]
	at org.junit.platform.launcher.core.DefaultLauncher.execute(DefaultLauncher.java:114) ~[junit-platform-launcher-1.8.2.jar:1.8.2]
	at org.junit.platform.launcher.core.DefaultLauncher.execute(DefaultLauncher.java:86) ~[junit-platform-launcher-1.8.2.jar:1.8.2]
	at org.junit.platform.launcher.core.DefaultLauncherSession$DelegatingLauncher.execute(DefaultLauncherSession.java:86) ~[junit-platform-launcher-1.8.2.jar:1.8.2]
	at org.gradle.api.internal.tasks.testing.junitplatform.JUnitPlatformTestClassProcessor$CollectAllTestClassesExecutor.processAllTestClasses(JUnitPlatformTestClassProcessor.java:119) ~[na:na]
	at org.gradle.api.internal.tasks.testing.junitplatform.JUnitPlatformTestClassProcessor$CollectAllTestClassesExecutor.access$000(JUnitPlatformTestClassProcessor.java:94) ~[na:na]
	at org.gradle.api.internal.tasks.testing.junitplatform.JUnitPlatformTestClassProcessor.stop(JUnitPlatformTestClassProcessor.java:89) ~[na:na]
	at org.gradle.api.internal.tasks.testing.SuiteTestClassProcessor.stop(SuiteTestClassProcessor.java:62) ~[na:na]
	at java.base/jdk.internal.reflect.NativeMethodAccessorImpl.invoke0(Native Method) ~[na:na]
	at java.base/jdk.internal.reflect.NativeMethodAccessorImpl.invoke(NativeMethodAccessorImpl.java:77) ~[na:na]
	at java.base/jdk.internal.reflect.DelegatingMethodAccessorImpl.invoke(DelegatingMethodAccessorImpl.java:43) ~[na:na]
	at java.base/java.lang.reflect.Method.invoke(Method.java:568) ~[na:na]
	at org.gradle.internal.dispatch.ReflectionDispatch.dispatch(ReflectionDispatch.java:36) ~[na:na]
	at org.gradle.internal.dispatch.ReflectionDispatch.dispatch(ReflectionDispatch.java:24) ~[na:na]
	at org.gradle.internal.dispatch.ContextClassLoaderDispatch.dispatch(ContextClassLoaderDispatch.java:33) ~[na:na]
	at org.gradle.internal.dispatch.ProxyDispatchAdapter$DispatchingInvocationHandler.invoke(ProxyDispatchAdapter.java:94) ~[na:na]
	at jdk.proxy1/jdk.proxy1.$Proxy2.stop(Unknown Source) ~[na:na]
	at org.gradle.api.internal.tasks.testing.worker.TestWorker$3.run(TestWorker.java:193) ~[na:na]
	at org.gradle.api.internal.tasks.testing.worker.TestWorker.executeAndMaintainThreadName(TestWorker.java:129) ~[na:na]
	at org.gradle.api.internal.tasks.testing.worker.TestWorker.execute(TestWorker.java:100) ~[na:na]
	at org.gradle.api.internal.tasks.testing.worker.TestWorker.execute(TestWorker.java:60) ~[na:na]
	at org.gradle.process.internal.worker.child.ActionExecutionWorker.execute(ActionExecutionWorker.java:56) ~[na:na]
	at org.gradle.process.internal.worker.child.SystemApplicationClassLoaderWorker.call(SystemApplicationClassLoaderWorker.java:113) ~[na:na]
	at org.gradle.process.internal.worker.child.SystemApplicationClassLoaderWorker.call(SystemApplicationClassLoaderWorker.java:65) ~[na:na]
	at worker.org.gradle.process.internal.worker.GradleWorkerMain.run(GradleWorkerMain.java:69) ~[gradle-worker.jar:na]
	at worker.org.gradle.process.internal.worker.GradleWorkerMain.main(GradleWorkerMain.java:74) ~[gradle-worker.jar:na]
Caused by: java.lang.IllegalStateException: Ambiguous mapping. Cannot map 'orderApiController' method 
jpabook.jpashop.api.OrderApiController#ordersV2()
to {GET [/api/v2/orders]}: There is already 'orderApiController' bean method
jpabook.jpashop.api.OrderApiController#ordersV3() mapped.
	at org.springframework.web.servlet.handler.AbstractHandlerMethodMapping$MappingRegistry.validateMethodMapping(AbstractHandlerMethodMapping.java:667) ~[spring-webmvc-6.1.1.jar:6.1.1]
	at org.springframework.web.servlet.handler.AbstractHandlerMethodMapping$MappingRegistry.register(AbstractHandlerMethodMapping.java:633) ~[spring-webmvc-6.1.1.jar:6.1.1]
	at org.springframework.web.servlet.handler.AbstractHandlerMethodMapping.registerHandlerMethod(AbstractHandlerMethodMapping.java:331) ~[spring-webmvc-6.1.1.jar:6.1.1]
	at org.springframework.web.servlet.mvc.method.annotation.RequestMappingHandlerMapping.registerHandlerMethod(RequestMappingHandlerMapping.java:486) ~[spring-webmvc-6.1.1.jar:6.1.1]
	at org.springframework.web.servlet.mvc.method.annotation.RequestMappingHandlerMapping.registerHandlerMethod(RequestMappingHandlerMapping.java:79) ~[spring-webmvc-6.1.1.jar:6.1.1]
	at org.springframework.web.servlet.handler.AbstractHandlerMethodMapping.lambda$detectHandlerMethods$2(AbstractHandlerMethodMapping.java:298) ~[spring-webmvc-6.1.1.jar:6.1.1]
	at java.base/java.util.LinkedHashMap.forEach(LinkedHashMap.java:721) ~[na:na]
	at org.springframework.web.servlet.handler.AbstractHandlerMethodMapping.detectHandlerMethods(AbstractHandlerMethodMapping.java:296) ~[spring-webmvc-6.1.1.jar:6.1.1]
	at org.springframework.web.servlet.handler.AbstractHandlerMethodMapping.processCandidateBean(AbstractHandlerMethodMapping.java:265) ~[spring-webmvc-6.1.1.jar:6.1.1]
	at org.springframework.web.servlet.handler.AbstractHandlerMethodMapping.initHandlerMethods(AbstractHandlerMethodMapping.java:224) ~[spring-webmvc-6.1.1.jar:6.1.1]
	at org.springframework.web.servlet.handler.AbstractHandlerMethodMapping.afterPropertiesSet(AbstractHandlerMethodMapping.java:212) ~[spring-webmvc-6.1.1.jar:6.1.1]
	at org.springframework.web.servlet.mvc.method.annotation.RequestMappingHandlerMapping.afterPropertiesSet(RequestMappingHandlerMapping.java:233) ~[spring-webmvc-6.1.1.jar:6.1.1]
	at org.springframework.beans.factory.support.AbstractAutowireCapableBeanFactory.invokeInitMethods(AbstractAutowireCapableBeanFactory.java:1822) ~[spring-beans-6.1.1.jar:6.1.1]
	at org.springframework.beans.factory.support.AbstractAutowireCapableBeanFactory.initializeBean(AbstractAutowireCapableBeanFactory.java:1771) ~[spring-beans-6.1.1.jar:6.1.1]
	... 107 common frames omitted

2024-03-01T19:43:35.912+09:00 ERROR 5364 --- [    Test worker] o.s.test.context.TestContextManager      : Caught exception while allowing TestExecutionListener [org.springframework.test.context.web.ServletTestExecutionListener] to prepare test instance [jpabook.jpashop.JpashopApplicationTests@e74300b]

java.lang.IllegalStateException: Failed to load ApplicationContext for [WebMergedContextConfiguration@7a8e35d1 testClass = jpabook.jpashop.JpashopApplicationTests, locations = [], classes = [jpabook.jpashop.JpashopApplication], contextInitializerClasses = [], activeProfiles = [], propertySourceDescriptors = [], propertySourceProperties = ["org.springframework.boot.test.context.SpringBootTestContextBootstrapper=true"], contextCustomizers = [org.springframework.boot.test.autoconfigure.actuate.observability.ObservabilityContextCustomizerFactory$DisableObservabilityContextCustomizer@1f, org.springframework.boot.test.autoconfigure.properties.PropertyMappingContextCustomizer@0, org.springframework.boot.test.autoconfigure.web.servlet.WebDriverContextCustomizer@acdb094, org.springframework.boot.test.context.filter.ExcludeFilterContextCustomizer@7216fb24, org.springframework.boot.test.json.DuplicateJsonObjectContextCustomizerFactory$DuplicateJsonObjectContextCustomizer@45815ffc, org.springframework.boot.test.mock.mockito.MockitoContextCustomizer@0, org.springframework.boot.test.web.client.TestRestTemplateContextCustomizer@13518f37, org.springframework.boot.test.context.SpringBootTestAnnotation@c8e98e7b], resourceBasePath = "src/main/webapp", contextLoader = org.springframework.boot.test.context.SpringBootContextLoader, parent = null]
	at org.springframework.test.context.cache.DefaultCacheAwareContextLoaderDelegate.loadContext(DefaultCacheAwareContextLoaderDelegate.java:180) ~[spring-test-6.1.1.jar:6.1.1]
	at org.springframework.test.context.support.DefaultTestContext.getApplicationContext(DefaultTestContext.java:130) ~[spring-test-6.1.1.jar:6.1.1]
	at org.springframework.test.context.web.ServletTestExecutionListener.setUpRequestContextIfNecessary(ServletTestExecutionListener.java:191) ~[spring-test-6.1.1.jar:6.1.1]
	at org.springframework.test.context.web.ServletTestExecutionListener.prepareTestInstance(ServletTestExecutionListener.java:130) ~[spring-test-6.1.1.jar:6.1.1]
	at org.springframework.test.context.TestContextManager.prepareTestInstance(TestContextManager.java:247) ~[spring-test-6.1.1.jar:6.1.1]
	at org.springframework.test.context.junit.jupiter.SpringExtension.postProcessTestInstance(SpringExtension.java:163) ~[spring-test-6.1.1.jar:6.1.1]
	at org.junit.jupiter.engine.descriptor.ClassBasedTestDescriptor.lambda$invokeTestInstancePostProcessors$10(ClassBasedTestDescriptor.java:378) ~[junit-jupiter-engine-5.10.1.jar:5.10.1]
	at org.junit.jupiter.engine.descriptor.ClassBasedTestDescriptor.executeAndMaskThrowable(ClassBasedTestDescriptor.java:383) ~[junit-jupiter-engine-5.10.1.jar:5.10.1]
	at org.junit.jupiter.engine.descriptor.ClassBasedTestDescriptor.lambda$invokeTestInstancePostProcessors$11(ClassBasedTestDescriptor.java:378) ~[junit-jupiter-engine-5.10.1.jar:5.10.1]
	at java.base/java.util.stream.ReferencePipeline$3$1.accept(ReferencePipeline.java:197) ~[na:na]
	at java.base/java.util.stream.ReferencePipeline$2$1.accept(ReferencePipeline.java:179) ~[na:na]
	at java.base/java.util.ArrayList$ArrayListSpliterator.forEachRemaining(ArrayList.java:1625) ~[na:na]
	at java.base/java.util.stream.AbstractPipeline.copyInto(AbstractPipeline.java:509) ~[na:na]
	at java.base/java.util.stream.AbstractPipeline.wrapAndCopyInto(AbstractPipeline.java:499) ~[na:na]
	at java.base/java.util.stream.StreamSpliterators$WrappingSpliterator.forEachRemaining(StreamSpliterators.java:310) ~[na:na]
	at java.base/java.util.stream.Streams$ConcatSpliterator.forEachRemaining(Streams.java:735) ~[na:na]
	at java.base/java.util.stream.Streams$ConcatSpliterator.forEachRemaining(Streams.java:734) ~[na:na]
	at java.base/java.util.stream.ReferencePipeline$Head.forEach(ReferencePipeline.java:762) ~[na:na]
	at org.junit.jupiter.engine.descriptor.ClassBasedTestDescriptor.invokeTestInstancePostProcessors(ClassBasedTestDescriptor.java:377) ~[junit-jupiter-engine-5.10.1.jar:5.10.1]
	at org.junit.jupiter.engine.descriptor.ClassBasedTestDescriptor.lambda$instantiateAndPostProcessTestInstance$6(ClassBasedTestDescriptor.java:290) ~[junit-jupiter-engine-5.10.1.jar:5.10.1]
	at org.junit.platform.engine.support.hierarchical.ThrowableCollector.execute(ThrowableCollector.java:73) ~[junit-platform-engine-1.10.1.jar:1.10.1]
	at org.junit.jupiter.engine.descriptor.ClassBasedTestDescriptor.instantiateAndPostProcessTestInstance(ClassBasedTestDescriptor.java:289) ~[junit-jupiter-engine-5.10.1.jar:5.10.1]
	at org.junit.jupiter.engine.descriptor.ClassBasedTestDescriptor.lambda$testInstancesProvider$4(ClassBasedTestDescriptor.java:279) ~[junit-jupiter-engine-5.10.1.jar:5.10.1]
	at java.base/java.util.Optional.orElseGet(Optional.java:364) ~[na:na]
	at org.junit.jupiter.engine.descriptor.ClassBasedTestDescriptor.lambda$testInstancesProvider$5(ClassBasedTestDescriptor.java:278) ~[junit-jupiter-engine-5.10.1.jar:5.10.1]
	at org.junit.jupiter.engine.execution.TestInstancesProvider.getTestInstances(TestInstancesProvider.java:31) ~[junit-jupiter-engine-5.10.1.jar:5.10.1]
	at org.junit.jupiter.engine.descriptor.TestMethodTestDescriptor.lambda$prepare$0(TestMethodTestDescriptor.java:106) ~[junit-jupiter-engine-5.10.1.jar:5.10.1]
	at org.junit.platform.engine.support.hierarchical.ThrowableCollector.execute(ThrowableCollector.java:73) ~[junit-platform-engine-1.10.1.jar:1.10.1]
	at org.junit.jupiter.engine.descriptor.TestMethodTestDescriptor.prepare(TestMethodTestDescriptor.java:105) ~[junit-jupiter-engine-5.10.1.jar:5.10.1]
	at org.junit.jupiter.engine.descriptor.TestMethodTestDescriptor.prepare(TestMethodTestDescriptor.java:69) ~[junit-jupiter-engine-5.10.1.jar:5.10.1]
	at org.junit.platform.engine.support.hierarchical.NodeTestTask.lambda$prepare$2(NodeTestTask.java:123) ~[junit-platform-engine-1.10.1.jar:1.10.1]
	at org.junit.platform.engine.support.hierarchical.ThrowableCollector.execute(ThrowableCollector.java:73) ~[junit-platform-engine-1.10.1.jar:1.10.1]
	at org.junit.platform.engine.support.hierarchical.NodeTestTask.prepare(NodeTestTask.java:123) ~[junit-platform-engine-1.10.1.jar:1.10.1]
	at org.junit.platform.engine.support.hierarchical.NodeTestTask.execute(NodeTestTask.java:90) ~[junit-platform-engine-1.10.1.jar:1.10.1]
	at java.base/java.util.ArrayList.forEach(ArrayList.java:1511) ~[na:na]
	at org.junit.platform.engine.support.hierarchical.SameThreadHierarchicalTestExecutorService.invokeAll(SameThreadHierarchicalTestExecutorService.java:41) ~[junit-platform-engine-1.10.1.jar:1.10.1]
	at org.junit.platform.engine.support.hierarchical.NodeTestTask.lambda$executeRecursively$6(NodeTestTask.java:155) ~[junit-platform-engine-1.10.1.jar:1.10.1]
	at org.junit.platform.engine.support.hierarchical.ThrowableCollector.execute(ThrowableCollector.java:73) ~[junit-platform-engine-1.10.1.jar:1.10.1]
	at org.junit.platform.engine.support.hierarchical.NodeTestTask.lambda$executeRecursively$8(NodeTestTask.java:141) ~[junit-platform-engine-1.10.1.jar:1.10.1]
	at org.junit.platform.engine.support.hierarchical.Node.around(Node.java:137) ~[junit-platform-engine-1.10.1.jar:1.10.1]
	at org.junit.platform.engine.support.hierarchical.NodeTestTask.lambda$executeRecursively$9(NodeTestTask.java:139) ~[junit-platform-engine-1.10.1.jar:1.10.1]
	at org.junit.platform.engine.support.hierarchical.ThrowableCollector.execute(ThrowableCollector.java:73) ~[junit-platform-engine-1.10.1.jar:1.10.1]
	at org.junit.platform.engine.support.hierarchical.NodeTestTask.executeRecursively(NodeTestTask.java:138) ~[junit-platform-engine-1.10.1.jar:1.10.1]
	at org.junit.platform.engine.support.hierarchical.NodeTestTask.execute(NodeTestTask.java:95) ~[junit-platform-engine-1.10.1.jar:1.10.1]
	at java.base/java.util.ArrayList.forEach(ArrayList.java:1511) ~[na:na]
	at org.junit.platform.engine.support.hierarchical.SameThreadHierarchicalTestExecutorService.invokeAll(SameThreadHierarchicalTestExecutorService.java:41) ~[junit-platform-engine-1.10.1.jar:1.10.1]
	at org.junit.platform.engine.support.hierarchical.NodeTestTask.lambda$executeRecursively$6(NodeTestTask.java:155) ~[junit-platform-engine-1.10.1.jar:1.10.1]
	at org.junit.platform.engine.support.hierarchical.ThrowableCollector.execute(ThrowableCollector.java:73) ~[junit-platform-engine-1.10.1.jar:1.10.1]
	at org.junit.platform.engine.support.hierarchical.NodeTestTask.lambda$executeRecursively$8(NodeTestTask.java:141) ~[junit-platform-engine-1.10.1.jar:1.10.1]
	at org.junit.platform.engine.support.hierarchical.Node.around(Node.java:137) ~[junit-platform-engine-1.10.1.jar:1.10.1]
	at org.junit.platform.engine.support.hierarchical.NodeTestTask.lambda$executeRecursively$9(NodeTestTask.java:139) ~[junit-platform-engine-1.10.1.jar:1.10.1]
	at org.junit.platform.engine.support.hierarchical.ThrowableCollector.execute(ThrowableCollector.java:73) ~[junit-platform-engine-1.10.1.jar:1.10.1]
	at org.junit.platform.engine.support.hierarchical.NodeTestTask.executeRecursively(NodeTestTask.java:138) ~[junit-platform-engine-1.10.1.jar:1.10.1]
	at org.junit.platform.engine.support.hierarchical.NodeTestTask.execute(NodeTestTask.java:95) ~[junit-platform-engine-1.10.1.jar:1.10.1]
	at org.junit.platform.engine.support.hierarchical.SameThreadHierarchicalTestExecutorService.submit(SameThreadHierarchicalTestExecutorService.java:35) ~[junit-platform-engine-1.10.1.jar:1.10.1]
	at org.junit.platform.engine.support.hierarchical.HierarchicalTestExecutor.execute(HierarchicalTestExecutor.java:57) ~[junit-platform-engine-1.10.1.jar:1.10.1]
	at org.junit.platform.engine.support.hierarchical.HierarchicalTestEngine.execute(HierarchicalTestEngine.java:54) ~[junit-platform-engine-1.10.1.jar:1.10.1]
	at org.junit.platform.launcher.core.EngineExecutionOrchestrator.execute(EngineExecutionOrchestrator.java:107) ~[junit-platform-launcher-1.8.2.jar:1.8.2]
	at org.junit.platform.launcher.core.EngineExecutionOrchestrator.execute(EngineExecutionOrchestrator.java:88) ~[junit-platform-launcher-1.8.2.jar:1.8.2]
	at org.junit.platform.launcher.core.EngineExecutionOrchestrator.lambda$execute$0(EngineExecutionOrchestrator.java:54) ~[junit-platform-launcher-1.8.2.jar:1.8.2]
	at org.junit.platform.launcher.core.EngineExecutionOrchestrator.withInterceptedStreams(EngineExecutionOrchestrator.java:67) ~[junit-platform-launcher-1.8.2.jar:1.8.2]
	at org.junit.platform.launcher.core.EngineExecutionOrchestrator.execute(EngineExecutionOrchestrator.java:52) ~[junit-platform-launcher-1.8.2.jar:1.8.2]
	at org.junit.platform.launcher.core.DefaultLauncher.execute(DefaultLauncher.java:114) ~[junit-platform-launcher-1.8.2.jar:1.8.2]
	at org.junit.platform.launcher.core.DefaultLauncher.execute(DefaultLauncher.java:86) ~[junit-platform-launcher-1.8.2.jar:1.8.2]
	at org.junit.platform.launcher.core.DefaultLauncherSession$DelegatingLauncher.execute(DefaultLauncherSession.java:86) ~[junit-platform-launcher-1.8.2.jar:1.8.2]
	at org.gradle.api.internal.tasks.testing.junitplatform.JUnitPlatformTestClassProcessor$CollectAllTestClassesExecutor.processAllTestClasses(JUnitPlatformTestClassProcessor.java:119) ~[na:na]
	at org.gradle.api.internal.tasks.testing.junitplatform.JUnitPlatformTestClassProcessor$CollectAllTestClassesExecutor.access$000(JUnitPlatformTestClassProcessor.java:94) ~[na:na]
	at org.gradle.api.internal.tasks.testing.junitplatform.JUnitPlatformTestClassProcessor.stop(JUnitPlatformTestClassProcessor.java:89) ~[na:na]
	at org.gradle.api.internal.tasks.testing.SuiteTestClassProcessor.stop(SuiteTestClassProcessor.java:62) ~[na:na]
	at java.base/jdk.internal.reflect.NativeMethodAccessorImpl.invoke0(Native Method) ~[na:na]
	at java.base/jdk.internal.reflect.NativeMethodAccessorImpl.invoke(NativeMethodAccessorImpl.java:77) ~[na:na]
	at java.base/jdk.internal.reflect.DelegatingMethodAccessorImpl.invoke(DelegatingMethodAccessorImpl.java:43) ~[na:na]
	at java.base/java.lang.reflect.Method.invoke(Method.java:568) ~[na:na]
	at org.gradle.internal.dispatch.ReflectionDispatch.dispatch(ReflectionDispatch.java:36) ~[na:na]
	at org.gradle.internal.dispatch.ReflectionDispatch.dispatch(ReflectionDispatch.java:24) ~[na:na]
	at org.gradle.internal.dispatch.ContextClassLoaderDispatch.dispatch(ContextClassLoaderDispatch.java:33) ~[na:na]
	at org.gradle.internal.dispatch.ProxyDispatchAdapter$DispatchingInvocationHandler.invoke(ProxyDispatchAdapter.java:94) ~[na:na]
	at jdk.proxy1/jdk.proxy1.$Proxy2.stop(Unknown Source) ~[na:na]
	at org.gradle.api.internal.tasks.testing.worker.TestWorker$3.run(TestWorker.java:193) ~[na:na]
	at org.gradle.api.internal.tasks.testing.worker.TestWorker.executeAndMaintainThreadName(TestWorker.java:129) ~[na:na]
	at org.gradle.api.internal.tasks.testing.worker.TestWorker.execute(TestWorker.java:100) ~[na:na]
	at org.gradle.api.internal.tasks.testing.worker.TestWorker.execute(TestWorker.java:60) ~[na:na]
	at org.gradle.process.internal.worker.child.ActionExecutionWorker.execute(ActionExecutionWorker.java:56) ~[na:na]
	at org.gradle.process.internal.worker.child.SystemApplicationClassLoaderWorker.call(SystemApplicationClassLoaderWorker.java:113) ~[na:na]
	at org.gradle.process.internal.worker.child.SystemApplicationClassLoaderWorker.call(SystemApplicationClassLoaderWorker.java:65) ~[na:na]
	at worker.org.gradle.process.internal.worker.GradleWorkerMain.run(GradleWorkerMain.java:69) ~[gradle-worker.jar:na]
	at worker.org.gradle.process.internal.worker.GradleWorkerMain.main(GradleWorkerMain.java:74) ~[gradle-worker.jar:na]
Caused by: org.springframework.beans.factory.BeanCreationException: Error creating bean with name 'requestMappingHandlerMapping' defined in class path resource [org/springframework/boot/autoconfigure/web/servlet/WebMvcAutoConfiguration$EnableWebMvcConfiguration.class]: Ambiguous mapping. Cannot map 'orderApiController' method 
jpabook.jpashop.api.OrderApiController#ordersV2()
to {GET [/api/v2/orders]}: There is already 'orderApiController' bean method
jpabook.jpashop.api.OrderApiController#ordersV3() mapped.
	at org.springframework.beans.factory.support.AbstractAutowireCapableBeanFactory.initializeBean(AbstractAutowireCapableBeanFactory.java:1775) ~[spring-beans-6.1.1.jar:6.1.1]
	at org.springframework.beans.factory.support.AbstractAutowireCapableBeanFactory.doCreateBean(AbstractAutowireCapableBeanFactory.java:601) ~[spring-beans-6.1.1.jar:6.1.1]
	at org.springframework.beans.factory.support.AbstractAutowireCapableBeanFactory.createBean(AbstractAutowireCapableBeanFactory.java:523) ~[spring-beans-6.1.1.jar:6.1.1]
	at org.springframework.beans.factory.support.AbstractBeanFactory.lambda$doGetBean$0(AbstractBeanFactory.java:325) ~[spring-beans-6.1.1.jar:6.1.1]
	at org.springframework.beans.factory.support.DefaultSingletonBeanRegistry.getSingleton(DefaultSingletonBeanRegistry.java:234) ~[spring-beans-6.1.1.jar:6.1.1]
	at org.springframework.beans.factory.support.AbstractBeanFactory.doGetBean(AbstractBeanFactory.java:323) ~[spring-beans-6.1.1.jar:6.1.1]
	at org.springframework.beans.factory.support.AbstractBeanFactory.getBean(AbstractBeanFactory.java:199) ~[spring-beans-6.1.1.jar:6.1.1]
	at org.springframework.beans.factory.support.DefaultListableBeanFactory.preInstantiateSingletons(DefaultListableBeanFactory.java:973) ~[spring-beans-6.1.1.jar:6.1.1]
	at org.springframework.context.support.AbstractApplicationContext.finishBeanFactoryInitialization(AbstractApplicationContext.java:946) ~[spring-context-6.1.1.jar:6.1.1]
	at org.springframework.context.support.AbstractApplicationContext.refresh(AbstractApplicationContext.java:616) ~[spring-context-6.1.1.jar:6.1.1]
	at org.springframework.boot.SpringApplication.refresh(SpringApplication.java:753) ~[spring-boot-3.2.0.jar:3.2.0]
	at org.springframework.boot.SpringApplication.refreshContext(SpringApplication.java:455) ~[spring-boot-3.2.0.jar:3.2.0]
	at org.springframework.boot.SpringApplication.run(SpringApplication.java:323) ~[spring-boot-3.2.0.jar:3.2.0]
	at org.springframework.boot.test.context.SpringBootContextLoader.lambda$loadContext$3(SpringBootContextLoader.java:137) ~[spring-boot-test-3.2.0.jar:3.2.0]
	at org.springframework.util.function.ThrowingSupplier.get(ThrowingSupplier.java:58) ~[spring-core-6.1.1.jar:6.1.1]
	at org.springframework.util.function.ThrowingSupplier.get(ThrowingSupplier.java:46) ~[spring-core-6.1.1.jar:6.1.1]
	at org.springframework.boot.SpringApplication.withHook(SpringApplication.java:1442) ~[spring-boot-3.2.0.jar:3.2.0]
	at org.springframework.boot.test.context.SpringBootContextLoader$ContextLoaderHook.run(SpringBootContextLoader.java:552) ~[spring-boot-test-3.2.0.jar:3.2.0]
	at org.springframework.boot.test.context.SpringBootContextLoader.loadContext(SpringBootContextLoader.java:137) ~[spring-boot-test-3.2.0.jar:3.2.0]
	at org.springframework.boot.test.context.SpringBootContextLoader.loadContext(SpringBootContextLoader.java:108) ~[spring-boot-test-3.2.0.jar:3.2.0]
	at org.springframework.test.context.cache.DefaultCacheAwareContextLoaderDelegate.loadContextInternal(DefaultCacheAwareContextLoaderDelegate.java:225) ~[spring-test-6.1.1.jar:6.1.1]
	at org.springframework.test.context.cache.DefaultCacheAwareContextLoaderDelegate.loadContext(DefaultCacheAwareContextLoaderDelegate.java:152) ~[spring-test-6.1.1.jar:6.1.1]
	... 86 common frames omitted
Caused by: java.lang.IllegalStateException: Ambiguous mapping. Cannot map 'orderApiController' method 
jpabook.jpashop.api.OrderApiController#ordersV2()
to {GET [/api/v2/orders]}: There is already 'orderApiController' bean method
jpabook.jpashop.api.OrderApiController#ordersV3() mapped.
	at org.springframework.web.servlet.handler.AbstractHandlerMethodMapping$MappingRegistry.validateMethodMapping(AbstractHandlerMethodMapping.java:667) ~[spring-webmvc-6.1.1.jar:6.1.1]
	at org.springframework.web.servlet.handler.AbstractHandlerMethodMapping$MappingRegistry.register(AbstractHandlerMethodMapping.java:633) ~[spring-webmvc-6.1.1.jar:6.1.1]
	at org.springframework.web.servlet.handler.AbstractHandlerMethodMapping.registerHandlerMethod(AbstractHandlerMethodMapping.java:331) ~[spring-webmvc-6.1.1.jar:6.1.1]
	at org.springframework.web.servlet.mvc.method.annotation.RequestMappingHandlerMapping.registerHandlerMethod(RequestMappingHandlerMapping.java:486) ~[spring-webmvc-6.1.1.jar:6.1.1]
	at org.springframework.web.servlet.mvc.method.annotation.RequestMappingHandlerMapping.registerHandlerMethod(RequestMappingHandlerMapping.java:79) ~[spring-webmvc-6.1.1.jar:6.1.1]
	at org.springframework.web.servlet.handler.AbstractHandlerMethodMapping.lambda$detectHandlerMethods$2(AbstractHandlerMethodMapping.java:298) ~[spring-webmvc-6.1.1.jar:6.1.1]
	at java.base/java.util.LinkedHashMap.forEach(LinkedHashMap.java:721) ~[na:na]
	at org.springframework.web.servlet.handler.AbstractHandlerMethodMapping.detectHandlerMethods(AbstractHandlerMethodMapping.java:296) ~[spring-webmvc-6.1.1.jar:6.1.1]
	at org.springframework.web.servlet.handler.AbstractHandlerMethodMapping.processCandidateBean(AbstractHandlerMethodMapping.java:265) ~[spring-webmvc-6.1.1.jar:6.1.1]
	at org.springframework.web.servlet.handler.AbstractHandlerMethodMapping.initHandlerMethods(AbstractHandlerMethodMapping.java:224) ~[spring-webmvc-6.1.1.jar:6.1.1]
	at org.springframework.web.servlet.handler.AbstractHandlerMethodMapping.afterPropertiesSet(AbstractHandlerMethodMapping.java:212) ~[spring-webmvc-6.1.1.jar:6.1.1]
	at org.springframework.web.servlet.mvc.method.annotation.RequestMappingHandlerMapping.afterPropertiesSet(RequestMappingHandlerMapping.java:233) ~[spring-webmvc-6.1.1.jar:6.1.1]
	at org.springframework.beans.factory.support.AbstractAutowireCapableBeanFactory.invokeInitMethods(AbstractAutowireCapableBeanFactory.java:1822) ~[spring-beans-6.1.1.jar:6.1.1]
	at org.springframework.beans.factory.support.AbstractAutowireCapableBeanFactory.initializeBean(AbstractAutowireCapableBeanFactory.java:1771) ~[spring-beans-6.1.1.jar:6.1.1]
	... 107 common frames omitted

]]></system-out>
  <system-err><![CDATA[


============================
CONDITIONS EVALUATION REPORT
============================


Positive matches:
-----------------

    None


Negative matches:
-----------------

    None


Exclusions:
-----------

    None


Unconditional classes:
----------------------

    None



]]></system-err>
</testsuite>
